2024-04-11 18:01:33,625 [INFO] Activator:176 - 


2024-04-11 18:01:33,627 [INFO] Activator:177 - !SESSION log4j initialized
2024-04-11 18:01:34,850 [ERROR] LogOutputStream:75 - [STDERR_REDIRECT] 
2024-04-11 18:01:35,653 [INFO] LogOutputStream:77 - [STDOUT_REDIRECT] 
2024-04-11 18:01:36,900 [INFO] LogOutputStream:77 - [STDOUT_REDIRECT] 
2024-04-11 18:01:38,616 [INFO] ApplicationProperties:184 - Using Application install path: /Applications/STM32CubeIDE.app/Contents/Eclipse/plugins/com.st.stm32cube.common.mx_6.10.0.202311202037
2024-04-11 18:01:38,628 [INFO] DbMcusXml:78 - Set database path to: /Applications/STM32CubeIDE.app/Contents/Eclipse/plugins/com.st.stm32cube.common.mx_6.10.0.202311202037//db//mcu/
2024-04-11 18:01:38,628 [INFO] ApiDb:274 - Set plugin database path to: /Applications/STM32CubeIDE.app/Contents/Eclipse/plugins/com.st.stm32cube.common.mx_6.10.0.202311202037//db//plugins/boardmanager/
2024-04-11 18:01:38,628 [WARN] ApiDb:259 - Overriding images path with different value:  => /Applications/STM32CubeIDE.app/Contents/Eclipse/plugins/com.st.stm32cube.common.mx_6.10.0.202311202037//db//plugins/mcufinder/images/
2024-04-11 18:01:38,634 [INFO] ApiDb:250 - Set database path to: /Users/robert/.stmcufinder/plugins/mcufinder//mcu/
2024-04-11 18:01:38,635 [INFO] DbMcusAds:125 - Set database path to: /Users/robert/.stmcufinder/plugins/mcufinder//mcu/
2024-04-11 18:01:38,636 [INFO] CrossReferenceDbSqlite:203 - Set database path to: /Users/robert/.stmcufinder/plugins/mcufinder//mcu/cs/
2024-04-11 18:01:38,758 [INFO] RulesReader:64 - Compatibility file has been processed (297 Rules)
2024-04-11 18:01:38,821 [INFO] DbMcusXml:78 - Set database path to: /Applications/STM32CubeIDE.app/Contents/Eclipse/plugins/com.st.stm32cube.common.mx_6.10.0.202311202037//db//mcu/
2024-04-11 18:01:38,821 [INFO] ApiDb:274 - Set plugin database path to: /Applications/STM32CubeIDE.app/Contents/Eclipse/plugins/com.st.stm32cube.common.mx_6.10.0.202311202037//db//plugins/boardmanager/
2024-04-11 18:01:38,821 [INFO] ApiDb:261 - Set plugin images path to: /Applications/STM32CubeIDE.app/Contents/Eclipse/plugins/com.st.stm32cube.common.mx_6.10.0.202311202037//db//plugins/mcufinder/images/
2024-04-11 18:01:38,821 [WARN] DbFile:41 - Overriding database path with different value: /Users/robert/.stmcufinder/plugins/mcufinder/ => /Users/robert/.stmcufinder/plugins/mcufinder
2024-04-11 18:01:38,821 [INFO] ApiDb:250 - Set database path to: /Users/robert/.stmcufinder/plugins/mcufinder//mcu/
2024-04-11 18:01:38,821 [WARN] DbFile:41 - Overriding database path with different value: /Users/robert/.stmcufinder/plugins/mcufinder/ => /Users/robert/.stmcufinder/plugins/mcufinder
2024-04-11 18:01:38,821 [INFO] DbMcusAds:125 - Set database path to: /Users/robert/.stmcufinder/plugins/mcufinder//mcu/
2024-04-11 18:01:38,821 [WARN] DbFile:41 - Overriding database path with different value: /Users/robert/.stmcufinder/plugins/mcufinder/ => /Users/robert/.stmcufinder/plugins/mcufinder
2024-04-11 18:01:38,821 [WARN] DbFile:41 - Overriding database path with different value: /Users/robert/.stmcufinder/plugins/mcufinder/ => /Users/robert/.stmcufinder/plugins/mcufinder
2024-04-11 18:01:38,822 [INFO] CrossReferenceDbSqlite:203 - Set database path to: /Users/robert/.stmcufinder/plugins/mcufinder//mcu/cs/
2024-04-11 18:01:38,886 [INFO] MainPanel:264 - HeapMemory: 268435456
2024-04-11 18:01:39,025 [INFO] DbMcusXml:78 - Set database path to: /Applications/STM32CubeIDE.app/Contents/Eclipse/plugins/com.st.stm32cube.common.mx_6.10.0.202311202037//db//mcu/
2024-04-11 18:01:39,026 [INFO] ApiDb:274 - Set plugin database path to: /Applications/STM32CubeIDE.app/Contents/Eclipse/plugins/com.st.stm32cube.common.mx_6.10.0.202311202037//db//plugins/boardmanager/
2024-04-11 18:01:39,026 [INFO] ApiDb:261 - Set plugin images path to: /Applications/STM32CubeIDE.app/Contents/Eclipse/plugins/com.st.stm32cube.common.mx_6.10.0.202311202037//db//plugins/mcufinder/images/
2024-04-11 18:01:39,026 [WARN] DbFile:41 - Overriding database path with different value: /Users/robert/.stmcufinder/plugins/mcufinder/ => /Users/robert/.stmcufinder/plugins/mcufinder
2024-04-11 18:01:39,026 [INFO] ApiDb:250 - Set database path to: /Users/robert/.stmcufinder/plugins/mcufinder//mcu/
2024-04-11 18:01:39,026 [WARN] DbFile:41 - Overriding database path with different value: /Users/robert/.stmcufinder/plugins/mcufinder/ => /Users/robert/.stmcufinder/plugins/mcufinder
2024-04-11 18:01:39,026 [INFO] DbMcusAds:125 - Set database path to: /Users/robert/.stmcufinder/plugins/mcufinder//mcu/
2024-04-11 18:01:39,026 [WARN] DbFile:41 - Overriding database path with different value: /Users/robert/.stmcufinder/plugins/mcufinder/ => /Users/robert/.stmcufinder/plugins/mcufinder
2024-04-11 18:01:39,026 [WARN] DbFile:41 - Overriding database path with different value: /Users/robert/.stmcufinder/plugins/mcufinder/ => /Users/robert/.stmcufinder/plugins/mcufinder
2024-04-11 18:01:39,026 [INFO] CrossReferenceDbSqlite:203 - Set database path to: /Users/robert/.stmcufinder/plugins/mcufinder//mcu/cs/
2024-04-11 18:01:39,045 [INFO] ApplicationProperties:184 - Using Application install path: /Applications/STM32CubeIDE.app/Contents/Eclipse/plugins/com.st.stm32cube.common.mx_6.10.0.202311202037
2024-04-11 18:01:39,047 [INFO] PluginManage:196 - Search for loadable plugins [exclusion list=, ]
2024-04-11 18:01:39,049 [INFO] PluginManage:310 - Check plugin analytics
2024-04-11 18:01:39,122 [ERROR] LogOutputStream:75 - [STDERR_REDIRECT] [Fatal Error] :2:10: DOCTYPE is disallowed when the feature "http://apache.org/xml/features/disallow-doctype-decl" set to true.
2024-04-11 18:01:39,123 [ERROR] LogOutputStream:75 - [STDERR_REDIRECT] 
2024-04-11 18:01:39,237 [INFO] AnalyticsPlugin:253 - Accepted Software Licenses: 
2024-04-11 18:01:39,238 [INFO] AnalyticsPlugin:255 - Accepted CMSIS Pack Licenses: 
2024-04-11 18:01:39,238 [INFO] AnalyticsPlugin:257 - Accepted Firmware Licenses: FW.L4.1.18.0,FW.F4.1.28.0
2024-04-11 18:01:39,243 [INFO] PluginManage:359 - Loaded plugin analytics (category:tool,tabindex:-1)
2024-04-11 18:01:39,245 [INFO] PluginManage:310 - Check plugin cadmodel
2024-04-11 18:01:39,765 [INFO] CADModel:105 - Init CAD model plugin
2024-04-11 18:01:39,765 [INFO] PluginManage:359 - Loaded plugin cadmodel (category:power,tabindex:5)
2024-04-11 18:01:39,766 [INFO] PluginManage:310 - Check plugin clock
2024-04-11 18:01:39,776 [INFO] PluginManage:359 - Loaded plugin clock (category:base,tabindex:2)
2024-04-11 18:01:39,776 [INFO] PluginManage:310 - Check plugin ddr
2024-04-11 18:01:39,779 [INFO] PluginManage:359 - Loaded plugin ddr (category:tool,tabindex:6)
2024-04-11 18:01:39,779 [INFO] PluginManage:310 - Check plugin filemanager
2024-04-11 18:01:39,935 [INFO] PluginManage:359 - Loaded plugin filemanager (category:base,tabindex:10)
2024-04-11 18:01:39,935 [INFO] PluginManage:310 - Check plugin ipmanager
2024-04-11 18:01:39,945 [INFO] PluginManage:359 - Loaded plugin ipmanager (category:base,tabindex:5)
2024-04-11 18:01:39,946 [INFO] PluginManage:310 - Check plugin lpbam
2024-04-11 18:01:39,953 [INFO] PluginManage:359 - Loaded plugin lpbam (category:base,tabindex:0)
2024-04-11 18:01:39,954 [INFO] PluginManage:310 - Check plugin memorymap
2024-04-11 18:01:39,961 [INFO] PluginManage:359 - Loaded plugin memorymap (category:base,tabindex:4)
2024-04-11 18:01:39,961 [INFO] PluginManage:310 - Check plugin pinoutandconfiguration
2024-04-11 18:01:39,965 [INFO] PluginManage:359 - Loaded plugin pinoutandconfiguration (category:base,tabindex:1)
2024-04-11 18:01:39,965 [INFO] PluginManage:310 - Check plugin pinoutconfig
2024-04-11 18:01:40,040 [WARN] SupportedApi:132 - Cannot load RTOS API schema: s4s-elt-must-match.1: The content of 'definitions' must match (annotation?, (simpleType | complexType)?, (unique | key | keyref)*)). A problem was found starting at: attribute.
2024-04-11 18:01:40,320 [INFO] PluginManage:359 - Loaded plugin pinoutconfig (category:base,tabindex:0)
2024-04-11 18:01:40,321 [INFO] PluginManage:310 - Check plugin power
2024-04-11 18:01:40,348 [INFO] PluginManage:359 - Loaded plugin power (category:power,tabindex:4)
2024-04-11 18:01:40,349 [INFO] PluginManage:310 - Check plugin projectmanager
2024-04-11 18:01:40,400 [INFO] PluginManage:359 - Loaded plugin projectmanager (category:projectmanager,tabindex:3)
2024-04-11 18:01:40,400 [INFO] PluginManage:310 - Check plugin thirdparty
2024-04-11 18:01:40,610 [INFO] PluginManage:359 - Loaded plugin thirdparty (category:base,tabindex:-1)
2024-04-11 18:01:40,610 [WARN] IntegrityCheckThread:84 - waiting for thirdparty lock release [integrity check]
2024-04-11 18:01:40,613 [INFO] IntegrityCheckThread:86 - entering critical section [integrity check]
2024-04-11 18:01:40,613 [INFO] PluginManage:310 - Check plugin tools
2024-04-11 18:01:40,617 [INFO] ThirdPartyUpdaterWithRetryManager:70 - Updater plugin not ready yet. [1/15]
2024-04-11 18:01:40,620 [INFO] PluginManage:359 - Loaded plugin tools (category:base,tabindex:7)
2024-04-11 18:01:40,621 [INFO] PluginManage:310 - Check plugin tutovideos
2024-04-11 18:01:40,832 [INFO] PluginManage:359 - Loaded plugin tutovideos (category:base,tabindex:-1)
2024-04-11 18:01:40,835 [INFO] PluginManage:310 - Check plugin updater
2024-04-11 18:01:40,873 [INFO] PluginManage:359 - Loaded plugin updater (category:base,tabindex:12)
2024-04-11 18:01:40,874 [INFO] PluginManage:310 - Check plugin userauth
2024-04-11 18:01:40,886 [INFO] UserAuth:114 - Init User Auth plugin
2024-04-11 18:01:40,887 [INFO] PluginManage:359 - Loaded plugin userauth (category:base,tabindex:14)
2024-04-11 18:01:40,889 [INFO] PluginManage:283 - PluginManage : Loaded plugins [17]
2024-04-11 18:01:41,190 [INFO] PinOutPanel:1499 - setPackage(No Configuration,No Configuration)
2024-04-11 18:01:41,238 [INFO] McuFinderGlobals:63 - Set McuFinder mode to 2 (CubeIDE integrated)
2024-04-11 18:01:41,257 [INFO] CADModel:165 - CPN selected for project level
2024-04-11 18:01:41,257 [INFO] CADModel:114 - Register for checkConnection events
2024-04-11 18:01:41,272 [INFO] IPUIPlugin:80 - create IPUIPlugin
2024-04-11 18:01:41,273 [INFO] PluginManager:220 - loadIPPluginJar : add mdma
2024-04-11 18:01:41,279 [INFO] IPUIPlugin:80 - create IPUIPlugin
2024-04-11 18:01:41,279 [INFO] PluginManager:220 - loadIPPluginJar : add freertos
2024-04-11 18:01:41,282 [INFO] IPUIPlugin:80 - create IPUIPlugin
2024-04-11 18:01:41,282 [INFO] PluginManager:220 - loadIPPluginJar : add gic
2024-04-11 18:01:41,288 [INFO] IPUIPlugin:80 - create IPUIPlugin
2024-04-11 18:01:41,289 [INFO] PluginManager:220 - loadIPPluginJar : add adc
2024-04-11 18:01:41,290 [INFO] IPUIPlugin:80 - create IPUIPlugin
2024-04-11 18:01:41,290 [INFO] PluginManager:220 - loadIPPluginJar : add gtzc
2024-04-11 18:01:41,291 [INFO] IPUIPlugin:80 - create IPUIPlugin
2024-04-11 18:01:41,292 [INFO] PluginManager:220 - loadIPPluginJar : add quadspi
2024-04-11 18:01:41,293 [INFO] IPUIPlugin:80 - create IPUIPlugin
2024-04-11 18:01:41,293 [INFO] PluginManager:220 - loadIPPluginJar : add aes
2024-04-11 18:01:41,294 [INFO] IPUIPlugin:80 - create IPUIPlugin
2024-04-11 18:01:41,294 [INFO] PluginManager:220 - loadIPPluginJar : add pdm2pcm
2024-04-11 18:01:41,295 [INFO] IPUIPlugin:80 - create IPUIPlugin
2024-04-11 18:01:41,296 [INFO] PluginManager:220 - loadIPPluginJar : add hash
2024-04-11 18:01:41,297 [INFO] IPUIPlugin:80 - create IPUIPlugin
2024-04-11 18:01:41,297 [INFO] PluginManager:220 - loadIPPluginJar : add tim
2024-04-11 18:01:41,297 [INFO] IPUIPlugin:80 - create IPUIPlugin
2024-04-11 18:01:41,297 [INFO] PluginManager:220 - loadIPPluginJar : add tsc
2024-04-11 18:01:41,299 [INFO] IPUIPlugin:80 - create IPUIPlugin
2024-04-11 18:01:41,299 [INFO] PluginManager:220 - loadIPPluginJar : add ts
2024-04-11 18:01:41,301 [INFO] IPUIPlugin:80 - create IPUIPlugin
2024-04-11 18:01:41,301 [INFO] PluginManager:220 - loadIPPluginJar : add can
2024-04-11 18:01:41,302 [INFO] IPUIPlugin:80 - create IPUIPlugin
2024-04-11 18:01:41,302 [INFO] PluginManager:220 - loadIPPluginJar : add dma3
2024-04-11 18:01:41,303 [INFO] IPUIPlugin:80 - create IPUIPlugin
2024-04-11 18:01:41,303 [INFO] PluginManager:220 - loadIPPluginJar : add dfsdm
2024-04-11 18:01:41,304 [INFO] IPUIPlugin:80 - create IPUIPlugin
2024-04-11 18:01:41,304 [INFO] PluginManager:220 - loadIPPluginJar : add spi
2024-04-11 18:01:41,305 [INFO] IPUIPlugin:80 - create IPUIPlugin
2024-04-11 18:01:41,305 [INFO] PluginManager:220 - loadIPPluginJar : add gfxmmu
2024-04-11 18:01:41,306 [INFO] IPUIPlugin:80 - create IPUIPlugin
2024-04-11 18:01:41,307 [INFO] PluginManager:220 - loadIPPluginJar : add genericplugin
2024-04-11 18:01:41,308 [INFO] IPUIPlugin:80 - create IPUIPlugin
2024-04-11 18:01:41,308 [INFO] PluginManager:220 - loadIPPluginJar : add cryp
2024-04-11 18:01:41,310 [INFO] IPUIPlugin:80 - create IPUIPlugin
2024-04-11 18:01:41,310 [INFO] PluginManager:220 - loadIPPluginJar : add gpio
2024-04-11 18:01:41,310 [INFO] IPUIPlugin:80 - create IPUIPlugin
2024-04-11 18:01:41,310 [INFO] PluginManager:220 - loadIPPluginJar : add comp
2024-04-11 18:01:41,311 [INFO] IPUIPlugin:80 - create IPUIPlugin
2024-04-11 18:01:41,311 [INFO] PluginManager:220 - loadIPPluginJar : add tracer_emb
2024-04-11 18:01:41,312 [INFO] IPUIPlugin:80 - create IPUIPlugin
2024-04-11 18:01:41,313 [INFO] PluginManager:220 - loadIPPluginJar : add openamp
2024-04-11 18:01:41,315 [INFO] IPUIPlugin:80 - create IPUIPlugin
2024-04-11 18:01:41,315 [INFO] PluginManager:220 - loadIPPluginJar : add stm32_wpan
2024-04-11 18:01:41,317 [INFO] IPUIPlugin:80 - create IPUIPlugin
2024-04-11 18:01:41,319 [INFO] PluginManager:220 - loadIPPluginJar : add plateformsettings
2024-04-11 18:01:41,320 [INFO] IPUIPlugin:80 - create IPUIPlugin
2024-04-11 18:01:41,321 [INFO] PluginManager:220 - loadIPPluginJar : add ipddr
2024-04-11 18:01:41,321 [INFO] IPUIPlugin:80 - create IPUIPlugin
2024-04-11 18:01:41,321 [INFO] PluginManager:220 - loadIPPluginJar : add usart
2024-04-11 18:01:41,322 [INFO] IPUIPlugin:80 - create IPUIPlugin
2024-04-11 18:01:41,322 [INFO] PluginManager:220 - loadIPPluginJar : add ltdc
2024-04-11 18:01:41,323 [INFO] IPUIPlugin:80 - create IPUIPlugin
2024-04-11 18:01:41,323 [INFO] PluginManager:220 - loadIPPluginJar : add nvic
2024-04-11 18:01:41,324 [INFO] IPUIPlugin:80 - create IPUIPlugin
2024-04-11 18:01:41,324 [INFO] PluginManager:220 - loadIPPluginJar : add fatfs
2024-04-11 18:01:41,327 [INFO] IPUIPlugin:80 - create IPUIPlugin
2024-04-11 18:01:41,327 [INFO] PluginManager:220 - loadIPPluginJar : add linkedlist
2024-04-11 18:01:41,329 [INFO] IPUIPlugin:80 - create IPUIPlugin
2024-04-11 18:01:41,329 [INFO] PluginManager:220 - loadIPPluginJar : add dma
2024-04-11 18:01:41,331 [INFO] IPUIPlugin:80 - create IPUIPlugin
2024-04-11 18:01:41,331 [INFO] PluginManager:220 - loadIPPluginJar : add fmc
2024-04-11 18:01:41,332 [INFO] IPUIPlugin:80 - create IPUIPlugin
2024-04-11 18:01:41,332 [INFO] PluginManager:220 - loadIPPluginJar : add i2s
2024-04-11 18:01:41,333 [INFO] IPUIPlugin:80 - create IPUIPlugin
2024-04-11 18:01:41,333 [INFO] PluginManager:220 - loadIPPluginJar : add ucpd
2024-04-11 18:01:41,334 [INFO] IPUIPlugin:80 - create IPUIPlugin
2024-04-11 18:01:41,334 [INFO] PluginManager:220 - loadIPPluginJar : add lorawan
2024-04-11 18:01:41,335 [INFO] IPUIPlugin:80 - create IPUIPlugin
2024-04-11 18:01:41,336 [INFO] PluginManager:220 - loadIPPluginJar : add opamp
2024-04-11 18:01:41,337 [INFO] IPUIPlugin:80 - create IPUIPlugin
2024-04-11 18:01:41,337 [INFO] PluginManager:220 - loadIPPluginJar : add i3c
2024-04-11 18:01:41,339 [INFO] IPUIPlugin:80 - create IPUIPlugin
2024-04-11 18:01:41,339 [INFO] PluginManager:220 - loadIPPluginJar : add touchsensing
2024-04-11 18:01:41,341 [INFO] IPUIPlugin:80 - create IPUIPlugin
2024-04-11 18:01:41,341 [INFO] PluginManager:220 - loadIPPluginJar : add i2c
2024-04-11 18:01:41,342 [INFO] IPUIPlugin:80 - create IPUIPlugin
2024-04-11 18:01:41,342 [INFO] PluginManager:220 - loadIPPluginJar : add resmgrutility
2024-04-11 18:01:41,343 [INFO] IPUIPlugin:80 - create IPUIPlugin
2024-04-11 18:01:41,343 [INFO] PluginManager:220 - loadIPPluginJar : add sai
2024-04-11 18:01:41,345 [INFO] IPUIPlugin:80 - create IPUIPlugin
2024-04-11 18:01:41,345 [INFO] PluginManager:220 - loadIPPluginJar : add usbx
2024-04-11 18:01:41,448 [INFO] CADModel:165 - CPN selected for project level
2024-04-11 18:01:41,449 [INFO] CADModel:114 - Register for checkConnection events
2024-04-11 18:01:41,450 [FATAL] Updater:308 - Updater called before beeing initialized
2024-04-11 18:01:41,450 [ERROR] CADModel:125 - Updater not yet initialized, retry later 
2024-04-11 18:01:43,623 [INFO] ThirdPartyUpdaterWithRetryManager:70 - Updater plugin not ready yet. [2/15]
2024-04-11 18:01:46,631 [FATAL] Updater:308 - Updater called before beeing initialized
2024-04-11 18:01:46,634 [ERROR] IntegrityCheckThread:130 - Cannot retrieve database content from updater: error 21
2024-04-11 18:01:46,635 [INFO] ThirdParty:978 - Integrity check success = false
2024-04-11 18:01:46,635 [INFO] IntegrityCheckThread:100 - exiting critical section [integrity check]
2024-04-11 18:01:46,635 [INFO] IntegrityCheckThread:103 - End integrity checks thread
2024-04-11 18:05:44,155 [INFO] Activator:176 - 


2024-04-11 18:05:44,160 [INFO] Activator:177 - !SESSION log4j initialized
2024-04-11 18:05:44,979 [ERROR] LogOutputStream:75 - [STDERR_REDIRECT] 
2024-04-11 18:05:46,649 [INFO] LogOutputStream:77 - [STDOUT_REDIRECT] 
2024-04-11 18:05:48,354 [INFO] ApplicationProperties:184 - Using Application install path: /Applications/STM32CubeIDE.app/Contents/Eclipse/plugins/com.st.stm32cube.common.mx_6.10.0.202311202037
2024-04-11 18:05:48,365 [INFO] DbMcusXml:78 - Set database path to: /Applications/STM32CubeIDE.app/Contents/Eclipse/plugins/com.st.stm32cube.common.mx_6.10.0.202311202037//db//mcu/
2024-04-11 18:05:48,365 [INFO] ApiDb:274 - Set plugin database path to: /Applications/STM32CubeIDE.app/Contents/Eclipse/plugins/com.st.stm32cube.common.mx_6.10.0.202311202037//db//plugins/boardmanager/
2024-04-11 18:05:48,366 [WARN] ApiDb:259 - Overriding images path with different value:  => /Applications/STM32CubeIDE.app/Contents/Eclipse/plugins/com.st.stm32cube.common.mx_6.10.0.202311202037//db//plugins/mcufinder/images/
2024-04-11 18:05:48,371 [INFO] ApiDb:250 - Set database path to: /Users/robert/.stmcufinder/plugins/mcufinder//mcu/
2024-04-11 18:05:48,372 [INFO] DbMcusAds:125 - Set database path to: /Users/robert/.stmcufinder/plugins/mcufinder//mcu/
2024-04-11 18:05:48,373 [INFO] CrossReferenceDbSqlite:203 - Set database path to: /Users/robert/.stmcufinder/plugins/mcufinder//mcu/cs/
2024-04-11 18:05:48,469 [INFO] RulesReader:64 - Compatibility file has been processed (297 Rules)
2024-04-11 18:05:48,525 [INFO] DbMcusXml:78 - Set database path to: /Applications/STM32CubeIDE.app/Contents/Eclipse/plugins/com.st.stm32cube.common.mx_6.10.0.202311202037//db//mcu/
2024-04-11 18:05:48,525 [INFO] ApiDb:274 - Set plugin database path to: /Applications/STM32CubeIDE.app/Contents/Eclipse/plugins/com.st.stm32cube.common.mx_6.10.0.202311202037//db//plugins/boardmanager/
2024-04-11 18:05:48,526 [INFO] ApiDb:261 - Set plugin images path to: /Applications/STM32CubeIDE.app/Contents/Eclipse/plugins/com.st.stm32cube.common.mx_6.10.0.202311202037//db//plugins/mcufinder/images/
2024-04-11 18:05:48,526 [WARN] DbFile:41 - Overriding database path with different value: /Users/robert/.stmcufinder/plugins/mcufinder/ => /Users/robert/.stmcufinder/plugins/mcufinder
2024-04-11 18:05:48,526 [INFO] ApiDb:250 - Set database path to: /Users/robert/.stmcufinder/plugins/mcufinder//mcu/
2024-04-11 18:05:48,526 [WARN] DbFile:41 - Overriding database path with different value: /Users/robert/.stmcufinder/plugins/mcufinder/ => /Users/robert/.stmcufinder/plugins/mcufinder
2024-04-11 18:05:48,526 [INFO] DbMcusAds:125 - Set database path to: /Users/robert/.stmcufinder/plugins/mcufinder//mcu/
2024-04-11 18:05:48,526 [WARN] DbFile:41 - Overriding database path with different value: /Users/robert/.stmcufinder/plugins/mcufinder/ => /Users/robert/.stmcufinder/plugins/mcufinder
2024-04-11 18:05:48,526 [WARN] DbFile:41 - Overriding database path with different value: /Users/robert/.stmcufinder/plugins/mcufinder/ => /Users/robert/.stmcufinder/plugins/mcufinder
2024-04-11 18:05:48,526 [INFO] CrossReferenceDbSqlite:203 - Set database path to: /Users/robert/.stmcufinder/plugins/mcufinder//mcu/cs/
2024-04-11 18:05:48,585 [INFO] MainPanel:264 - HeapMemory: 268435456
2024-04-11 18:05:48,639 [INFO] DbMcusXml:78 - Set database path to: /Applications/STM32CubeIDE.app/Contents/Eclipse/plugins/com.st.stm32cube.common.mx_6.10.0.202311202037//db//mcu/
2024-04-11 18:05:48,639 [INFO] ApiDb:274 - Set plugin database path to: /Applications/STM32CubeIDE.app/Contents/Eclipse/plugins/com.st.stm32cube.common.mx_6.10.0.202311202037//db//plugins/boardmanager/
2024-04-11 18:05:48,640 [INFO] ApiDb:261 - Set plugin images path to: /Applications/STM32CubeIDE.app/Contents/Eclipse/plugins/com.st.stm32cube.common.mx_6.10.0.202311202037//db//plugins/mcufinder/images/
2024-04-11 18:05:48,640 [WARN] DbFile:41 - Overriding database path with different value: /Users/robert/.stmcufinder/plugins/mcufinder/ => /Users/robert/.stmcufinder/plugins/mcufinder
2024-04-11 18:05:48,640 [INFO] ApiDb:250 - Set database path to: /Users/robert/.stmcufinder/plugins/mcufinder//mcu/
2024-04-11 18:05:48,640 [WARN] DbFile:41 - Overriding database path with different value: /Users/robert/.stmcufinder/plugins/mcufinder/ => /Users/robert/.stmcufinder/plugins/mcufinder
2024-04-11 18:05:48,640 [INFO] DbMcusAds:125 - Set database path to: /Users/robert/.stmcufinder/plugins/mcufinder//mcu/
2024-04-11 18:05:48,640 [WARN] DbFile:41 - Overriding database path with different value: /Users/robert/.stmcufinder/plugins/mcufinder/ => /Users/robert/.stmcufinder/plugins/mcufinder
2024-04-11 18:05:48,640 [WARN] DbFile:41 - Overriding database path with different value: /Users/robert/.stmcufinder/plugins/mcufinder/ => /Users/robert/.stmcufinder/plugins/mcufinder
2024-04-11 18:05:48,640 [INFO] CrossReferenceDbSqlite:203 - Set database path to: /Users/robert/.stmcufinder/plugins/mcufinder//mcu/cs/
2024-04-11 18:05:48,653 [INFO] ApplicationProperties:184 - Using Application install path: /Applications/STM32CubeIDE.app/Contents/Eclipse/plugins/com.st.stm32cube.common.mx_6.10.0.202311202037
2024-04-11 18:05:48,654 [INFO] PluginManage:196 - Search for loadable plugins [exclusion list=, ]
2024-04-11 18:05:48,655 [INFO] PluginManage:310 - Check plugin analytics
2024-04-11 18:05:48,962 [INFO] AnalyticsPlugin:253 - Accepted Software Licenses: 
2024-04-11 18:05:48,962 [INFO] AnalyticsPlugin:255 - Accepted CMSIS Pack Licenses: 
2024-04-11 18:05:48,962 [INFO] AnalyticsPlugin:257 - Accepted Firmware Licenses: FW.L4.1.18.0,FW.F4.1.28.0
2024-04-11 18:05:48,980 [INFO] PluginManage:359 - Loaded plugin analytics (category:tool,tabindex:-1)
2024-04-11 18:05:48,981 [INFO] PluginManage:310 - Check plugin cadmodel
2024-04-11 18:05:49,056 [ERROR] LogOutputStream:75 - [STDERR_REDIRECT] [Fatal Error] :2:10: DOCTYPE is disallowed when the feature "http://apache.org/xml/features/disallow-doctype-decl" set to true.
2024-04-11 18:05:49,057 [ERROR] LogOutputStream:75 - [STDERR_REDIRECT] 
2024-04-11 18:05:49,335 [INFO] CADModel:105 - Init CAD model plugin
2024-04-11 18:05:49,335 [INFO] PluginManage:359 - Loaded plugin cadmodel (category:power,tabindex:5)
2024-04-11 18:05:49,336 [INFO] PluginManage:310 - Check plugin clock
2024-04-11 18:05:49,348 [INFO] PluginManage:359 - Loaded plugin clock (category:base,tabindex:2)
2024-04-11 18:05:49,348 [INFO] PluginManage:310 - Check plugin ddr
2024-04-11 18:05:49,350 [INFO] PluginManage:359 - Loaded plugin ddr (category:tool,tabindex:6)
2024-04-11 18:05:49,351 [INFO] PluginManage:310 - Check plugin filemanager
2024-04-11 18:05:49,469 [INFO] PluginManage:359 - Loaded plugin filemanager (category:base,tabindex:10)
2024-04-11 18:05:49,469 [INFO] PluginManage:310 - Check plugin ipmanager
2024-04-11 18:05:49,475 [INFO] PluginManage:359 - Loaded plugin ipmanager (category:base,tabindex:5)
2024-04-11 18:05:49,475 [INFO] PluginManage:310 - Check plugin lpbam
2024-04-11 18:05:49,486 [INFO] PluginManage:359 - Loaded plugin lpbam (category:base,tabindex:0)
2024-04-11 18:05:49,486 [INFO] PluginManage:310 - Check plugin memorymap
2024-04-11 18:05:49,498 [INFO] PluginManage:359 - Loaded plugin memorymap (category:base,tabindex:4)
2024-04-11 18:05:49,498 [INFO] PluginManage:310 - Check plugin pinoutandconfiguration
2024-04-11 18:05:49,502 [INFO] PluginManage:359 - Loaded plugin pinoutandconfiguration (category:base,tabindex:1)
2024-04-11 18:05:49,502 [INFO] PluginManage:310 - Check plugin pinoutconfig
2024-04-11 18:05:49,570 [WARN] SupportedApi:132 - Cannot load RTOS API schema: s4s-elt-must-match.1: The content of 'definitions' must match (annotation?, (simpleType | complexType)?, (unique | key | keyref)*)). A problem was found starting at: attribute.
2024-04-11 18:05:49,718 [INFO] PluginManage:359 - Loaded plugin pinoutconfig (category:base,tabindex:0)
2024-04-11 18:05:49,719 [INFO] PluginManage:310 - Check plugin power
2024-04-11 18:05:49,741 [INFO] PluginManage:359 - Loaded plugin power (category:power,tabindex:4)
2024-04-11 18:05:49,742 [INFO] PluginManage:310 - Check plugin projectmanager
2024-04-11 18:05:49,786 [INFO] PluginManage:359 - Loaded plugin projectmanager (category:projectmanager,tabindex:3)
2024-04-11 18:05:49,787 [INFO] PluginManage:310 - Check plugin thirdparty
2024-04-11 18:05:50,084 [INFO] PluginManage:359 - Loaded plugin thirdparty (category:base,tabindex:-1)
2024-04-11 18:05:50,084 [WARN] IntegrityCheckThread:84 - waiting for thirdparty lock release [integrity check]
2024-04-11 18:05:50,086 [INFO] IntegrityCheckThread:86 - entering critical section [integrity check]
2024-04-11 18:05:50,087 [INFO] PluginManage:310 - Check plugin tools
2024-04-11 18:05:50,088 [INFO] ThirdPartyUpdaterWithRetryManager:70 - Updater plugin not ready yet. [1/15]
2024-04-11 18:05:50,092 [INFO] PluginManage:359 - Loaded plugin tools (category:base,tabindex:7)
2024-04-11 18:05:50,093 [INFO] PluginManage:310 - Check plugin tutovideos
2024-04-11 18:05:50,273 [INFO] PluginManage:359 - Loaded plugin tutovideos (category:base,tabindex:-1)
2024-04-11 18:05:50,273 [INFO] PluginManage:310 - Check plugin updater
2024-04-11 18:05:50,287 [INFO] PluginManage:359 - Loaded plugin updater (category:base,tabindex:12)
2024-04-11 18:05:50,287 [INFO] PluginManage:310 - Check plugin userauth
2024-04-11 18:05:50,293 [INFO] UserAuth:114 - Init User Auth plugin
2024-04-11 18:05:50,293 [INFO] PluginManage:359 - Loaded plugin userauth (category:base,tabindex:14)
2024-04-11 18:05:50,294 [INFO] PluginManage:283 - PluginManage : Loaded plugins [17]
2024-04-11 18:05:50,503 [INFO] PinOutPanel:1499 - setPackage(No Configuration,No Configuration)
2024-04-11 18:05:50,551 [INFO] CADModel:165 - CPN selected for project level
2024-04-11 18:05:50,551 [INFO] CADModel:114 - Register for checkConnection events
2024-04-11 18:05:50,558 [INFO] IPUIPlugin:80 - create IPUIPlugin
2024-04-11 18:05:50,558 [INFO] PluginManager:220 - loadIPPluginJar : add mdma
2024-04-11 18:05:50,561 [INFO] IPUIPlugin:80 - create IPUIPlugin
2024-04-11 18:05:50,561 [INFO] PluginManager:220 - loadIPPluginJar : add freertos
2024-04-11 18:05:50,564 [INFO] IPUIPlugin:80 - create IPUIPlugin
2024-04-11 18:05:50,564 [INFO] PluginManager:220 - loadIPPluginJar : add gic
2024-04-11 18:05:50,568 [INFO] IPUIPlugin:80 - create IPUIPlugin
2024-04-11 18:05:50,568 [INFO] PluginManager:220 - loadIPPluginJar : add adc
2024-04-11 18:05:50,570 [INFO] IPUIPlugin:80 - create IPUIPlugin
2024-04-11 18:05:50,570 [INFO] PluginManager:220 - loadIPPluginJar : add gtzc
2024-04-11 18:05:50,571 [INFO] IPUIPlugin:80 - create IPUIPlugin
2024-04-11 18:05:50,571 [INFO] PluginManager:220 - loadIPPluginJar : add quadspi
2024-04-11 18:05:50,572 [INFO] IPUIPlugin:80 - create IPUIPlugin
2024-04-11 18:05:50,572 [INFO] PluginManager:220 - loadIPPluginJar : add aes
2024-04-11 18:05:50,573 [INFO] IPUIPlugin:80 - create IPUIPlugin
2024-04-11 18:05:50,573 [INFO] PluginManager:220 - loadIPPluginJar : add pdm2pcm
2024-04-11 18:05:50,574 [INFO] IPUIPlugin:80 - create IPUIPlugin
2024-04-11 18:05:50,574 [INFO] PluginManager:220 - loadIPPluginJar : add hash
2024-04-11 18:05:50,575 [INFO] IPUIPlugin:80 - create IPUIPlugin
2024-04-11 18:05:50,575 [INFO] PluginManager:220 - loadIPPluginJar : add tim
2024-04-11 18:05:50,575 [INFO] IPUIPlugin:80 - create IPUIPlugin
2024-04-11 18:05:50,576 [INFO] PluginManager:220 - loadIPPluginJar : add tsc
2024-04-11 18:05:50,577 [INFO] IPUIPlugin:80 - create IPUIPlugin
2024-04-11 18:05:50,577 [INFO] PluginManager:220 - loadIPPluginJar : add ts
2024-04-11 18:05:50,578 [INFO] IPUIPlugin:80 - create IPUIPlugin
2024-04-11 18:05:50,578 [INFO] PluginManager:220 - loadIPPluginJar : add can
2024-04-11 18:05:50,580 [INFO] IPUIPlugin:80 - create IPUIPlugin
2024-04-11 18:05:50,580 [INFO] PluginManager:220 - loadIPPluginJar : add dma3
2024-04-11 18:05:50,580 [INFO] IPUIPlugin:80 - create IPUIPlugin
2024-04-11 18:05:50,580 [INFO] PluginManager:220 - loadIPPluginJar : add dfsdm
2024-04-11 18:05:50,581 [INFO] IPUIPlugin:80 - create IPUIPlugin
2024-04-11 18:05:50,581 [INFO] PluginManager:220 - loadIPPluginJar : add spi
2024-04-11 18:05:50,582 [INFO] IPUIPlugin:80 - create IPUIPlugin
2024-04-11 18:05:50,582 [INFO] PluginManager:220 - loadIPPluginJar : add gfxmmu
2024-04-11 18:05:50,584 [INFO] IPUIPlugin:80 - create IPUIPlugin
2024-04-11 18:05:50,584 [INFO] PluginManager:220 - loadIPPluginJar : add genericplugin
2024-04-11 18:05:50,585 [INFO] IPUIPlugin:80 - create IPUIPlugin
2024-04-11 18:05:50,585 [INFO] PluginManager:220 - loadIPPluginJar : add cryp
2024-04-11 18:05:50,586 [INFO] IPUIPlugin:80 - create IPUIPlugin
2024-04-11 18:05:50,586 [INFO] PluginManager:220 - loadIPPluginJar : add gpio
2024-04-11 18:05:50,588 [INFO] IPUIPlugin:80 - create IPUIPlugin
2024-04-11 18:05:50,588 [INFO] PluginManager:220 - loadIPPluginJar : add comp
2024-04-11 18:05:50,589 [INFO] IPUIPlugin:80 - create IPUIPlugin
2024-04-11 18:05:50,589 [INFO] PluginManager:220 - loadIPPluginJar : add tracer_emb
2024-04-11 18:05:50,590 [INFO] IPUIPlugin:80 - create IPUIPlugin
2024-04-11 18:05:50,590 [INFO] PluginManager:220 - loadIPPluginJar : add openamp
2024-04-11 18:05:50,592 [INFO] IPUIPlugin:80 - create IPUIPlugin
2024-04-11 18:05:50,592 [INFO] PluginManager:220 - loadIPPluginJar : add stm32_wpan
2024-04-11 18:05:50,595 [INFO] IPUIPlugin:80 - create IPUIPlugin
2024-04-11 18:05:50,597 [INFO] PluginManager:220 - loadIPPluginJar : add plateformsettings
2024-04-11 18:05:50,599 [INFO] IPUIPlugin:80 - create IPUIPlugin
2024-04-11 18:05:50,599 [INFO] PluginManager:220 - loadIPPluginJar : add ipddr
2024-04-11 18:05:50,600 [INFO] IPUIPlugin:80 - create IPUIPlugin
2024-04-11 18:05:50,600 [INFO] PluginManager:220 - loadIPPluginJar : add usart
2024-04-11 18:05:50,601 [INFO] IPUIPlugin:80 - create IPUIPlugin
2024-04-11 18:05:50,601 [INFO] PluginManager:220 - loadIPPluginJar : add ltdc
2024-04-11 18:05:50,602 [INFO] IPUIPlugin:80 - create IPUIPlugin
2024-04-11 18:05:50,602 [INFO] PluginManager:220 - loadIPPluginJar : add nvic
2024-04-11 18:05:50,603 [INFO] IPUIPlugin:80 - create IPUIPlugin
2024-04-11 18:05:50,603 [INFO] PluginManager:220 - loadIPPluginJar : add fatfs
2024-04-11 18:05:50,605 [INFO] IPUIPlugin:80 - create IPUIPlugin
2024-04-11 18:05:50,605 [INFO] PluginManager:220 - loadIPPluginJar : add linkedlist
2024-04-11 18:05:50,608 [INFO] IPUIPlugin:80 - create IPUIPlugin
2024-04-11 18:05:50,608 [INFO] PluginManager:220 - loadIPPluginJar : add dma
2024-04-11 18:05:50,610 [INFO] IPUIPlugin:80 - create IPUIPlugin
2024-04-11 18:05:50,610 [INFO] PluginManager:220 - loadIPPluginJar : add fmc
2024-04-11 18:05:50,611 [INFO] IPUIPlugin:80 - create IPUIPlugin
2024-04-11 18:05:50,611 [INFO] PluginManager:220 - loadIPPluginJar : add i2s
2024-04-11 18:05:50,612 [INFO] IPUIPlugin:80 - create IPUIPlugin
2024-04-11 18:05:50,612 [INFO] PluginManager:220 - loadIPPluginJar : add ucpd
2024-04-11 18:05:50,613 [INFO] IPUIPlugin:80 - create IPUIPlugin
2024-04-11 18:05:50,613 [INFO] PluginManager:220 - loadIPPluginJar : add lorawan
2024-04-11 18:05:50,614 [INFO] IPUIPlugin:80 - create IPUIPlugin
2024-04-11 18:05:50,614 [INFO] PluginManager:220 - loadIPPluginJar : add opamp
2024-04-11 18:05:50,616 [INFO] IPUIPlugin:80 - create IPUIPlugin
2024-04-11 18:05:50,616 [INFO] PluginManager:220 - loadIPPluginJar : add i3c
2024-04-11 18:05:50,617 [INFO] IPUIPlugin:80 - create IPUIPlugin
2024-04-11 18:05:50,617 [INFO] PluginManager:220 - loadIPPluginJar : add touchsensing
2024-04-11 18:05:50,618 [INFO] IPUIPlugin:80 - create IPUIPlugin
2024-04-11 18:05:50,618 [INFO] PluginManager:220 - loadIPPluginJar : add i2c
2024-04-11 18:05:50,620 [INFO] IPUIPlugin:80 - create IPUIPlugin
2024-04-11 18:05:50,620 [INFO] PluginManager:220 - loadIPPluginJar : add resmgrutility
2024-04-11 18:05:50,621 [INFO] IPUIPlugin:80 - create IPUIPlugin
2024-04-11 18:05:50,621 [INFO] PluginManager:220 - loadIPPluginJar : add sai
2024-04-11 18:05:50,622 [INFO] IPUIPlugin:80 - create IPUIPlugin
2024-04-11 18:05:50,622 [INFO] PluginManager:220 - loadIPPluginJar : add usbx
2024-04-11 18:05:50,724 [INFO] CADModel:165 - CPN selected for project level
2024-04-11 18:05:50,726 [INFO] CADModel:114 - Register for checkConnection events
2024-04-11 18:05:50,726 [FATAL] Updater:308 - Updater called before beeing initialized
2024-04-11 18:05:50,727 [ERROR] CADModel:125 - Updater not yet initialized, retry later 
2024-04-11 18:05:50,926 [INFO] CADModel:165 - CPN selected for project level
2024-04-11 18:05:50,926 [INFO] CADModel:114 - Register for checkConnection events
2024-04-11 18:05:50,926 [FATAL] Updater:308 - Updater called before beeing initialized
2024-04-11 18:05:50,926 [ERROR] CADModel:125 - Updater not yet initialized, retry later 
2024-04-11 18:05:50,928 [FATAL] Updater:308 - Updater called before beeing initialized
2024-04-11 18:05:51,064 [FATAL] Updater:308 - Updater called before beeing initialized
2024-04-11 18:05:51,071 [INFO] DbMcusAds:53 - JSON generation date=Wed Nov 29 11:52:27 CET 2023 (1701255147349)
2024-04-11 18:05:51,071 [FATAL] Updater:308 - Updater called before beeing initialized
2024-04-11 18:05:51,124 [WARN] DetailPanel:346 - Failed to get advertising image, set to default
2024-04-11 18:05:51,242 [FATAL] Updater:308 - Updater called before beeing initialized
2024-04-11 18:05:51,249 [FATAL] Updater:308 - Updater called before beeing initialized
2024-04-11 18:05:51,249 [FATAL] Updater:308 - Updater called before beeing initialized
2024-04-11 18:05:51,250 [WARN] DetailPanel:346 - Failed to get advertising image, set to default
2024-04-11 18:05:51,257 [FATAL] Updater:308 - Updater called before beeing initialized
2024-04-11 18:05:51,341 [ERROR] Updater:1120 - MainUpdater not yet initialized. External WinMGr cannot be set.
2024-04-11 18:05:51,393 [INFO] Updater:1056 - Updater Version found : 6.10.0
2024-04-11 18:05:51,404 [INFO] ApplicationProperties:184 - Using Application install path: /Applications/STM32CubeIDE.app/Contents/Eclipse/plugins/com.st.stm32cube.common.mx_6.10.0.202311202037
2024-04-11 18:05:51,799 [INFO] MainUpdater:2873 - connection check result : 10
2024-04-11 18:05:51,799 [INFO] MainUpdater:290 - Updater Check For Update Now.
2024-04-11 18:05:51,799 [INFO] MicroXplorer:498 - Change Database Version : DB.6.0.100
2024-04-11 18:05:51,802 [INFO] McuFinderGlobals:63 - Set McuFinder mode to 2 (CubeIDE integrated)
2024-04-11 18:05:52,038 [INFO] CheckServerUpdateThread:120 - End of CheckServer Thread
2024-04-11 18:05:52,197 [INFO] UserAuth:404 - Internet connection configuration mode: 1
2024-04-11 18:05:52,207 [INFO] JxBrowserEngine:152 - Initiate JxBrowser Engine with user profile folder
2024-04-11 18:05:53,227 [WARN] PackLoader:240 - Cannot read IP mode file for STMicroelectronics.X-CUBE-SMBUS.2.1.0
2024-04-11 18:05:53,243 [WARN] PackLoader:240 - Cannot read IP mode file for STMicroelectronics.X-CUBE-TOUCHGFX.4.23.1
2024-04-11 18:05:53,245 [WARN] PackLoader:240 - Cannot read IP mode file for STMicroelectronics.X-CUBE-TOUCHGFX.4.23.0
2024-04-11 18:05:53,251 [WARN] PackLoader:240 - Cannot read IP mode file for STMicroelectronics.X-CUBE-TOUCHGFX.4.23.2
2024-04-11 18:05:53,298 [WARN] PackLoader:240 - Cannot read IP mode file for STMicroelectronics.X-CUBE-AZRTOS-F7.1.1.0
2024-04-11 18:05:53,341 [WARN] PackLoader:240 - Cannot read IP mode file for STMicroelectronics.FP-SNS-MOTENV1.4.3.2
2024-04-11 18:05:53,382 [WARN] PackLoader:240 - Cannot read IP mode file for STMicroelectronics.FP-SNS-FLIGHT1.5.0.2
2024-04-11 18:05:53,414 [WARN] PackLoader:240 - Cannot read IP mode file for STMicroelectronics.X-CUBE-DISPLAY.3.0.0
2024-04-11 18:05:53,469 [WARN] PackLoader:240 - Cannot read IP mode file for STMicroelectronics.X-CUBE-BLE1.7.0.0
2024-04-11 18:05:53,495 [WARN] PackLoader:240 - Cannot read IP mode file for emotas.I-CUBE-CANOPEN.1.3.0
2024-04-11 18:05:53,530 [WARN] PackLoader:240 - Cannot read IP mode file for STMicroelectronics.X-CUBE-BLEMGR.3.1.0
2024-04-11 18:05:53,548 [WARN] PackLoader:240 - Cannot read IP mode file for STMicroelectronics.FP-SNS-SMARTAG2.1.2.0
2024-04-11 18:05:53,574 [INFO] LogOutputStream:77 - [STDOUT_REDIRECT] 1 : Invalid condition id : UX_CORESTACK_Condition cause : null
2024-04-11 18:05:53,577 [INFO] LogOutputStream:77 - [STDOUT_REDIRECT] 1 : Invalid condition id : UX_CORESTACK_Condition cause : null
2024-04-11 18:05:53,577 [INFO] LogOutputStream:77 - [STDOUT_REDIRECT] 1 : Invalid condition id : UX_CORESTACK_Condition cause : null
2024-04-11 18:05:53,578 [INFO] LogOutputStream:77 - [STDOUT_REDIRECT] 1 : Invalid condition id : UX_CORESTACK_Condition cause : null
2024-04-11 18:05:53,578 [INFO] LogOutputStream:77 - [STDOUT_REDIRECT] 1 : Invalid condition id : UX_CORESTACK_Condition cause : null
2024-04-11 18:05:53,585 [WARN] PackLoader:240 - Cannot read IP mode file for STMicroelectronics.X-CUBE-AZRTOS-WL.2.0.0
2024-04-11 18:05:53,604 [WARN] PackLoader:240 - Cannot read IP mode file for STMicroelectronics.FP-SNS-MOTENV1.5.0.0
2024-04-11 18:05:53,624 [WARN] PackLoader:240 - Cannot read IP mode file for WES.I-CUBE-Cesium.1.3.0
2024-04-11 18:05:53,638 [WARN] PackLoader:240 - Cannot read IP mode file for STMicroelectronics.X-CUBE-BLE2.3.3.0
2024-04-11 18:05:53,654 [WARN] PackLoader:240 - Cannot read IP mode file for STMicroelectronics.X-CUBE-TCPP.4.1.0
2024-04-11 18:05:53,671 [WARN] PackLoader:240 - Cannot read IP mode file for STMicroelectronics.X-CUBE-ALGOBUILD.1.3.0
2024-04-11 18:05:53,712 [WARN] PackLoader:240 - Cannot read IP mode file for STMicroelectronics.X-CUBE-AZRTOS-G0.1.1.0
2024-04-11 18:05:53,737 [WARN] PackLoader:240 - Cannot read IP mode file for STMicroelectronics.X-CUBE-SAFEA1.1.2.2
2024-04-11 18:05:53,751 [WARN] PackLoader:240 - Cannot read IP mode file for STMicroelectronics.X-CUBE-NFC4.3.0.0
2024-04-11 18:05:53,777 [WARN] PackLoader:240 - Cannot read IP mode file for STMicroelectronics.X-CUBE-BLEMGR.3.0.0
2024-04-11 18:05:53,815 [WARN] PackLoader:240 - Cannot read IP mode file for STMicroelectronics.FP-ATR-SIGFOX1.3.2.0
2024-04-11 18:05:53,861 [WARN] PackLoader:240 - Cannot read IP mode file for STMicroelectronics.X-CUBE-EEPRMA1.5.1.0
2024-04-11 18:05:53,991 [WARN] PackLoader:240 - Cannot read IP mode file for SEGGER.I-CUBE-embOS.1.3.1
2024-04-11 18:05:54,088 [WARN] PackLoader:240 - Cannot read IP mode file for STMicroelectronics.X-CUBE-GNSS1.6.0.0
2024-04-11 18:05:54,119 [WARN] PackLoader:240 - Cannot read IP mode file for STMicroelectronics.X-CUBE-AZRTOS-F4.1.1.0
2024-04-11 18:05:54,127 [WARN] PackLoader:240 - Cannot read IP mode file for wolfSSL.I-CUBE-wolfSSL.5.6.6
2024-04-11 18:05:54,151 [WARN] PackLoader:240 - Cannot read IP mode file for STMicroelectronics.X-CUBE-AZRTOS-L5.2.0.0
2024-04-11 18:05:54,174 [WARN] PackLoader:240 - Cannot read IP mode file for STMicroelectronics.X-CUBE-NFC6.3.1.0
2024-04-11 18:05:54,182 [WARN] PackLoader:240 - Cannot read IP mode file for ITTIA_DB.I-CUBE-ITTIADB.8.8.0
2024-04-11 18:05:54,190 [WARN] PackLoader:240 - Cannot read IP mode file for STMicroelectronics.X-CUBE-NFC7.1.0.1
2024-04-11 18:05:54,203 [WARN] PackLoader:240 - Cannot read IP mode file for STMicroelectronics.X-CUBE-NFC6.3.0.0
2024-04-11 18:05:54,209 [WARN] PackLoader:240 - Cannot read IP mode file for STMicroelectronics.X-CUBE-AI.8.1.0
2024-04-11 18:05:54,231 [WARN] ConditionMgr:438 - getConditionDescription Invalid condition id : LAN8742 Phy interface Condition cause : null
2024-04-11 18:05:54,236 [WARN] PackLoader:240 - Cannot read IP mode file for STMicroelectronics.X-CUBE-AZRTOS-L4.2.0.0
2024-04-11 18:05:54,240 [WARN] ConditionMgr:1039 - genDependencies : Invalid condition id : LAN8742 Phy interface Condition cause : null
2024-04-11 18:05:54,240 [WARN] ConditionMgr:1039 - genDependencies : Invalid condition id : LAN8742 Phy interface Condition cause : null
2024-04-11 18:05:54,241 [WARN] ConditionMgr:1039 - genDependencies : Invalid condition id : LAN8742 Phy interface Condition cause : null
2024-04-11 18:05:54,271 [WARN] PackLoader:240 - Cannot read IP mode file for STMicroelectronics.X-CUBE-SFXS2LP1.4.0.0
2024-04-11 18:05:54,292 [WARN] ConditionMgr:438 - getConditionDescription Invalid condition id : UX DEVICE CLASS RTOS Condition cause : null
2024-04-11 18:05:54,292 [WARN] ConditionMgr:438 - getConditionDescription Invalid condition id : UX DEVICE CLASS RTOS Condition cause : null
2024-04-11 18:05:54,296 [WARN] PackLoader:240 - Cannot read IP mode file for STMicroelectronics.X-CUBE-AZRTOS-WB.2.0.0
2024-04-11 18:05:54,297 [WARN] ConditionMgr:1039 - genDependencies : Invalid condition id : UX DEVICE CLASS RTOS Condition cause : null
2024-04-11 18:05:54,297 [WARN] ConditionMgr:1039 - genDependencies : Invalid condition id : UX DEVICE CLASS RTOS Condition cause : null
2024-04-11 18:05:54,298 [WARN] ConditionMgr:1039 - genDependencies : Invalid condition id : UX DEVICE CLASS RTOS Condition cause : null
2024-04-11 18:05:54,298 [WARN] ConditionMgr:1039 - genDependencies : Invalid condition id : UX DEVICE CLASS RTOS Condition cause : null
2024-04-11 18:05:54,298 [WARN] ConditionMgr:1039 - genDependencies : Invalid condition id : UX DEVICE CLASS RTOS Condition cause : null
2024-04-11 18:05:54,313 [WARN] PackLoader:240 - Cannot read IP mode file for STMicroelectronics.X-CUBE-SUBG2.5.0.0
2024-04-11 18:05:54,350 [WARN] PackLoader:240 - Cannot read IP mode file for STMicroelectronics.X-CUBE-AZRTOS-G4.2.0.0
2024-04-11 18:05:54,366 [WARN] PackLoader:240 - Cannot read IP mode file for Infineon.AIROC-Wi-Fi-Bluetooth-STM32.1.5.1
2024-04-11 18:05:54,372 [WARN] PackLoader:240 - Cannot read IP mode file for STMicroelectronics.FP-SNS-MOTENVWB1.1.3.1
2024-04-11 18:05:54,375 [WARN] PackLoader:240 - Cannot read IP mode file for STMicroelectronics.X-CUBE-ISPU.2.0.0
2024-04-11 18:05:54,447 [WARN] PackLoader:240 - Cannot read IP mode file for STMicroelectronics.X-CUBE-MEMS1.10.0.0
2024-04-11 18:05:54,533 [WARN] PackLoader:240 - Cannot read IP mode file for STMicroelectronics.X-CUBE-FREERTOS.1.1.0
2024-04-11 18:05:54,545 [WARN] PackLoader:240 - Cannot read IP mode file for portGmbH.I-Cube-SoM-uGOAL.1.1.0
2024-04-11 18:05:54,550 [WARN] PackLoader:240 - Cannot read IP mode file for STMicroelectronics.X-CUBE-ALS.1.0.1
2024-04-11 18:05:54,555 [WARN] PackLoader:240 - Cannot read IP mode file for STMicroelectronics.FP-ATR-ASTRA1.2.0.0
2024-04-11 18:05:54,567 [WARN] PackLoader:240 - Cannot read IP mode file for STMicroelectronics.X-CUBE-TOF1.3.4.0
2024-04-11 18:05:54,584 [WARN] PackLoader:240 - Cannot read IP mode file for STMicroelectronics.X-CUBE-TOF1.3.4.1
2024-04-11 18:05:54,616 [WARN] PackLoader:240 - Cannot read IP mode file for STMicroelectronics.X-CUBE-AZRTOS-H7.3.2.0
2024-04-11 18:05:54,624 [INFO] ThirdParty:978 - Integrity check success = true
2024-04-11 18:05:54,624 [INFO] IntegrityCheckThread:100 - exiting critical section [integrity check]
2024-04-11 18:05:54,624 [INFO] IntegrityCheckThread:103 - End integrity checks thread
2024-04-11 18:05:57,148 [INFO] WebApp:161 - Instantiating new browser for Auth
2024-04-11 18:05:58,366 [INFO] WebApp:780 - Register for checkConnection events
2024-04-11 18:05:58,367 [INFO] WebApp:414 - Apply proxy settings
2024-04-11 18:05:58,375 [INFO] WebApp:459 - Chromium authenticates against Manually configured proxy
2024-04-11 18:05:58,393 [INFO] WebApp:467 - Username used for proxy authentication: 
2024-04-11 18:05:58,514 [INFO] WebApp:192 - Starting web application
2024-04-11 18:05:58,514 [INFO] WebApp:544 - Web application path used /Applications/STM32CubeIDE.app/Contents/Eclipse/plugins/com.st.stm32cube.common.mx_6.10.0.202311202037/db/plugins/mcufinder/reactClient1/index.html
2024-04-11 18:06:19,624 [ERROR] LogOutputStream:75 - [STDERR_REDIRECT] SLF4J: Failed to load class "org.slf4j.impl.StaticLoggerBinder".
2024-04-11 18:06:19,627 [ERROR] LogOutputStream:75 - [STDERR_REDIRECT] SLF4J: Defaulting to no-operation (NOP) logger implementation
2024-04-11 18:06:19,627 [ERROR] LogOutputStream:75 - [STDERR_REDIRECT] SLF4J: See http://www.slf4j.org/codes.html#StaticLoggerBinder for further details.
2024-04-11 18:06:21,729 [INFO] McuFinderGlobals:63 - Set McuFinder mode to 2 (CubeIDE integrated)
2024-04-11 18:06:21,733 [INFO] MainUpdater:2873 - connection check result : 10
2024-04-11 18:06:23,035 [INFO] ApiDb:581 - Connected to CubeFinder SQLite database (/Users/robert/.stmcufinder/plugins/mcufinder/mcu/cube-finder-db.db)
2024-04-11 18:06:23,104 [INFO] ApiDb:668 - CubeFinder database Data Model version=2.1
2024-04-11 18:06:23,104 [INFO] ApiDb:669 - CubeFinder database Configuration version=3.0.39
2024-04-11 18:06:23,106 [INFO] ApiDb:670 - CubeFinder database generation date=2024-03-25 (1711369621)
2024-04-11 18:06:23,106 [INFO] ApiDb:671 - CubeFinder database FW Pack versions=[FP-ATR-ASTRA1_V2.0.0, FP-SNS-FLIGHT1_V5.0.1, FP-SNS-FLIGHT1_V5.0.2, FP-SNS-MOTENV1_V4.3.1, FP-SNS-MOTENV1_V4.3.2, FP-SNS-MOTENVWB1_V1.3.1, FP-SNS-SMARTAG2_V1.2.0, STM32Cube_FW_C0_V1.1.0, STM32Cube_FW_F4_V1.28.0, STM32Cube_FW_F7_V1.17.0, STM32Cube_FW_G0_V1.6.2, STM32Cube_FW_G4_V1.5.2, STM32Cube_FW_H5_V0.5.1, STM32Cube_FW_H5_V1.1.1, STM32Cube_FW_H5_V1.2.0, STM32Cube_FW_H5_V1.2.0RC4, STM32Cube_FW_H7RS_V1.0.0, STM32Cube_FW_H7RS_V1.0.0RC4, STM32Cube_FW_H7_V1.11.0, STM32Cube_FW_L0_V1.12.2, STM32Cube_FW_L5_V1.5.1, STM32Cube_FW_U0_V1.0.0, STM32Cube_FW_U0_V1.0.0RC1, STM32Cube_FW_U5_V1.3.0RC4, STM32Cube_FW_U5_V1.5.0, STM32Cube_FW_U5_V1.5.0RC1, STM32Cube_FW_WBA_V1.0.0RC1, STM32Cube_FW_WBA_V1.2.0, STM32Cube_FW_WBA_V1.2.0RC2, STM32Cube_FW_WBA_V1.3.0, STM32Cube_FW_WBA_V1.3.0RC1, STM32Cube_FW_WB_V1.15.0RC1, STM32Cube_FW_WB_V1.16.0, STM32Cube_FW_WB_V1.16.0RC2, STM32Cube_FW_WB_V1.18.0, STM32Cube_FW_WB_V1.19.0, STM32Cube_FW_WL_V1.3.0, X-CUBE-ALGOBUILD_V1.3.0, X-CUBE-ALS_V1.0.1, X-CUBE-AZRTOS-F4_V1.1.0, X-CUBE-AZRTOS-F7_V1.1.0, X-CUBE-AZRTOS-G0_V1.1.0, X-CUBE-AZRTOS-G4_V2.0.0, X-CUBE-AZRTOS-H7_V3.2.0, X-CUBE-AZRTOS-L4_V1.0.0, X-CUBE-AZRTOS-L4_V2.0.0, X-CUBE-AZRTOS-L5_V1.1.0, X-CUBE-AZRTOS-WB_V2.0.0, X-CUBE-AZRTOS-WL_V2.0.0, X-CUBE-BLE1_V7.0.0, X-CUBE-BLE2_V3.3.0, X-CUBE-BLEMGR_V3.1.0, X-CUBE-EEPRMA1_V4.1.0, X-CUBE-EEPRMA1_V5.1.0, X-CUBE-FREERTOS_V1.1.0, X-CUBE-GNSS1_V6.0.0, X-CUBE-MEMS1_V10.0.0, X-CUBE-MEMS1_V9.1.0, X-CUBE-MEMS1_V9.4.0, X-CUBE-MEMS1_V9.6.0, X-CUBE-NFC4_V3.0.0, X-CUBE-NFC7_V1.0.1, X-CUBE-SFXS2LP1_V4.0.0, X-CUBE-SUBG2_V5.0.0, X-CUBE-TOF1_V3.4.0]
2024-04-11 18:06:23,232 [INFO] DbBoardsSqlite:226 - include board P-NUCLEO-WB55-NUCLEO as a kit item of type 'Nucleo-64'
2024-04-11 18:06:23,232 [INFO] DbBoardsSqlite:226 - include board P-NUCLEO-WB55-USBDONGLE as a kit item of type 'Nucleo USB Dongle'
2024-04-11 18:06:23,234 [INFO] DbBoardsSqlite:226 - include board STEVAL-IDP005V1 as a kit item of type 'Evaluation Board'
2024-04-11 18:06:23,235 [INFO] DbBoardsSqlite:226 - include board STEVAL-IDP005V2 as a kit item of type 'Evaluation Board'
2024-04-11 18:06:23,357 [INFO] ApiDb:240 - Found 371 in-development CPN: [B-G473E-ZEST1S, B-WB1M-WPAN1, B-WL5M-SUBG1, NUCLEO-C031C6, NUCLEO-H503RB, NUCLEO-H563ZI, NUCLEO-U545RE-Q, NUCLEO-U5A5ZJ-Q, NUCLEO-WBA52CG, NUCLEO-WBA55CG, STEVAL-MKBOXPRO, STEVAL-PROTEUS1, STEVAL-STWINBX1, STM320518-EVAL, STM32C0116-DK, STM32C011D6Y3TR, STM32C011D6Y6TR, STM32C011F4P3, STM32C011F4P6, STM32C011F4U3, STM32C011F4U6TR, STM32C011F6P3, STM32C011F6P6, STM32C011F6U3, STM32C011F6U6TR, STM32C011J4M3, STM32C011J4M6, STM32C011J6M3, STM32C011J6M6, STM32C0316-DK, STM32C031C4T3, STM32C031C4T6, STM32C031C4U3, STM32C031C4U6, STM32C031C6T3, STM32C031C6T6, STM32C031C6U3, STM32C031C6U6, STM32C031F4P3, STM32C031F4P6, STM32C031F6P3, STM32C031F6P6, STM32C031G4U3, STM32C031G4U6, STM32C031G6U3, STM32C031G6U6, STM32C031K4T3, STM32C031K4T6, STM32C031K4U3, STM32C031K4U6, STM32C031K6T3, STM32C031K6T6, STM32C031K6U3, STM32C031K6U6, STM32G071K8TXN, STM32G071K8UXN, STM32G081GBU6N, STM32G081KBT6N, STM32G081KBUXN, STM32G0B1CCT6N, STM32G0B1KCT6, STM32G0B1NEY6TR, STM32G0B1RCT6N, STM32G0C1CCT6, STM32G0C1CCT6N, STM32G0C1CCU6N, STM32G0C1CET6N, STM32G0C1CEU6N, STM32G0C1KCT6, STM32G0C1NEY6TR, STM32G0C1RCI6N, STM32G0C1RCT6N, STM32G0C1REI6N, STM32G0C1RET6N, STM32G0C1VCI6, STM32G0C1VEI6, STM32G471CCT6, STM32G471CCU6, STM32G471CET3, STM32G471CET6, STM32G471CEU3, STM32G471CEU6, STM32G471MCT6, STM32G471MET3, STM32G471MET6, STM32G471MEY6TR, STM32G471QCT6, STM32G471QET3, STM32G471RCT6, STM32G471RET3, STM32G471RET6, STM32G471VCH6, STM32G471VCI6, STM32G471VCT6, STM32G471VEH3, STM32G471VEH6, STM32G471VEI3, STM32G471VEI6, STM32G471VET3, STM32G471VET6, STM32G474CCT6, STM32H503CBT6, STM32H503CBU6, STM32H503EBY6TR, STM32H503KBU6, STM32H503RBT6, STM32H562AGI6, STM32H562AII6, STM32H562IGK6, STM32H562IGT6, STM32H562IIK6, STM32H562IIT6, STM32H562RGT6, STM32H562RGV6, STM32H562RIT6, STM32H562RIV6, STM32H562VGT6, STM32H562VIT6, STM32H562ZGT6, STM32H562ZIT6, STM32H563AGI6, STM32H563AII3Q, STM32H563AII6, STM32H563IGK6, STM32H563IGT6, STM32H563IIK3Q, STM32H563IIK6, STM32H563IIT3Q, STM32H563IIT6, STM32H563MIY3QTR, STM32H563RGT6, STM32H563RGV6, STM32H563RIT6, STM32H563RIV6, STM32H563VGT6, STM32H563VIT3Q, STM32H563VIT6, STM32H563ZGT6, STM32H563ZIT3Q, STM32H563ZIT6, STM32H573AII3Q, STM32H573AII6, STM32H573I-DK, STM32H573IIK3Q, STM32H573IIK6, STM32H573IIT3Q, STM32H573IIT6, STM32H573MIY3QTR, STM32H573RIT6, STM32H573RIV6, STM32H573VIT3Q, STM32H573VIT6, STM32H573ZIT3Q, STM32H573ZIT6, STM32L4R5QGI6STR, STM32MP131AAE3, STM32MP131AAF3, STM32MP131AAG3, STM32MP131CAE3, STM32MP131CAF3, STM32MP131CAG3, STM32MP131DAE7, STM32MP131DAF7, STM32MP131DAG7, STM32MP131FAE7, STM32MP131FAF7, STM32MP131FAG7, STM32MP133AAE3, STM32MP133AAF3, STM32MP133AAG3, STM32MP133CAE3, STM32MP133CAF3, STM32MP133CAG3, STM32MP133DAE7, STM32MP133DAF7, STM32MP133DAG7, STM32MP133FAE7, STM32MP133FAF7, STM32MP133FAG7, STM32MP135AAE3, STM32MP135AAF3, STM32MP135AAG3, STM32MP135CAE3, STM32MP135CAF3, STM32MP135CAG3, STM32MP135DAE7, STM32MP135DAF7, STM32MP135DAG7, STM32MP135F-DK, STM32MP135FAE7, STM32MP135FAF7, STM32MP135FAF7T, STM32MP135FAF7U, STM32MP135FAG7, STM32U535CBT6, STM32U535CBT6Q, STM32U535CBU6, STM32U535CBU6Q, STM32U535CCT6, STM32U535CCT6Q, STM32U535CCU6, STM32U535CCU6Q, STM32U535CET6, STM32U535CET6Q, STM32U535CEU6, STM32U535CEU6Q, STM32U535JEY6QTR, STM32U535NCY6QTR, STM32U535NEY6QTR, STM32U535RBI6, STM32U535RBI6Q, STM32U535RBT6, STM32U535RBT6Q, STM32U535RCI6, STM32U535RCI6Q, STM32U535RCT6, STM32U535RCT6Q, STM32U535REI6, STM32U535REI6Q, STM32U535RET6, STM32U535RET6Q, STM32U535VCI6, STM32U535VCI6Q, STM32U535VCT6, STM32U535VCT6Q, STM32U535VEI6, STM32U535VEI6Q, STM32U535VET6, STM32U535VET6Q, STM32U545CET6, STM32U545CET6Q, STM32U545CEU6, STM32U545CEU6Q, STM32U545JEY6QTR, STM32U545NEY6QTR, STM32U545REI6, STM32U545REI6Q, STM32U545RET6, STM32U545RET6Q, STM32U545VEI6, STM32U545VEI6Q, STM32U545VET6, STM32U545VET6Q, STM32U595AIH6, STM32U595AIH6Q, STM32U595AJH6, STM32U595AJH6Q, STM32U595QII6, STM32U595QII6Q, STM32U595QJI6, STM32U595QJI6Q, STM32U595RIT6, STM32U595RIT6Q, STM32U595RJT6, STM32U595RJT6Q, STM32U595VIT6, STM32U595VIT6Q, STM32U595VJT6, STM32U595VJT6Q, STM32U595ZIT6, STM32U595ZIT6Q, STM32U595ZIY6QTR, STM32U595ZJT6, STM32U595ZJT6Q, STM32U595ZJY6QTR, STM32U599BJY6QTR, STM32U599NIH6Q, STM32U599NJH6Q, STM32U599VIT6Q, STM32U599VJT6, STM32U599VJT6Q, STM32U599ZIT6Q, STM32U599ZIY6QTR, STM32U599ZJT6Q, STM32U599ZJY6QTR, STM32U5A5AJH6, STM32U5A5AJH6Q, STM32U5A5QJI6, STM32U5A5QJI6Q, STM32U5A5RJT6, STM32U5A5RJT6Q, STM32U5A5VJT6, STM32U5A5VJT6Q, STM32U5A5ZJT6, STM32U5A5ZJT6Q, STM32U5A5ZJY6QTR, STM32U5A9BJY6QTR, STM32U5A9J-DK, STM32U5A9NJH6Q, STM32U5A9VJT6Q, STM32U5A9ZJT6Q, STM32U5A9ZJY6QTR, STM32U5F7VIT6, STM32U5F7VIT6Q, STM32U5F7VJT6, STM32U5F7VJT6Q, STM32U5F9BJY6QTR, STM32U5F9NJH6Q, STM32U5F9VIT6Q, STM32U5F9VJT6Q, STM32U5F9ZIJ6QTR, STM32U5F9ZIT6Q, STM32U5F9ZJJ6QTR, STM32U5F9ZJT6Q, STM32U5G7VJT6, STM32U5G7VJT6Q, STM32U5G9BJY6QTR, STM32U5G9J-DK1, STM32U5G9J-DK2, STM32U5G9NJH6Q, STM32U5G9VJT6Q, STM32U5G9ZJJ6QTR, STM32U5G9ZJT6Q, STM32WB1MMCH6, STM32WBA50KEU6, STM32WBA50KEU6TR, STM32WBA50KGU6, STM32WBA50KGU6TR, STM32WBA52CEU6, STM32WBA52CEU6TR, STM32WBA52CEU7, STM32WBA52CEU7TR, STM32WBA52CGU6, STM32WBA52CGU6TR, STM32WBA52CGU6U, STM32WBA52CGU7, STM32WBA52CGU7TR, STM32WBA52KEU6, STM32WBA52KEU6TR, STM32WBA52KGU6, STM32WBA52KGU6TR, STM32WBA54CEU6, STM32WBA54CEU6TR, STM32WBA54CEU7, STM32WBA54CEU7TR, STM32WBA54CGU6, STM32WBA54CGU6TR, STM32WBA54CGU7, STM32WBA54CGU7TR, STM32WBA54KEU6, STM32WBA54KEU6TR, STM32WBA54KEU7, STM32WBA54KEU7TR, STM32WBA54KGU6, STM32WBA54KGU6TR, STM32WBA54KGU7, STM32WBA54KGU7TR, STM32WBA55CEU6, STM32WBA55CEU6TR, STM32WBA55CEU7, STM32WBA55CEU7TR, STM32WBA55CGU6, STM32WBA55CGU6TR, STM32WBA55CGU6U, STM32WBA55CGU7, STM32WBA55CGU7TR, STM32WBA55G-DK1, STM32WBA55HEF6, STM32WBA55HEF7, STM32WBA55HGF6, STM32WBA55HGF7, STM32WBA55UEI6, STM32WBA55UEI6TR, STM32WBA55UEI7, STM32WBA55UEI7TR, STM32WBA55UGI6, STM32WBA55UGI6TR, STM32WBA55UGI7, STM32WBA55UGI7TR, STM32WL5MOCH6, STM32WL5MOCH6TR]
2024-04-11 18:06:23,360 [INFO] ApiDb:668 - CubeFinder database Data Model version=2.1
2024-04-11 18:06:23,360 [INFO] ApiDb:669 - CubeFinder database Configuration version=3.0.39
2024-04-11 18:06:23,360 [INFO] ApiDb:670 - CubeFinder database generation date=2024-03-25 (1711369621)
2024-04-11 18:06:23,360 [INFO] ApiDb:671 - CubeFinder database FW Pack versions=[FP-ATR-ASTRA1_V2.0.0, FP-SNS-FLIGHT1_V5.0.1, FP-SNS-FLIGHT1_V5.0.2, FP-SNS-MOTENV1_V4.3.1, FP-SNS-MOTENV1_V4.3.2, FP-SNS-MOTENVWB1_V1.3.1, FP-SNS-SMARTAG2_V1.2.0, STM32Cube_FW_C0_V1.1.0, STM32Cube_FW_F4_V1.28.0, STM32Cube_FW_F7_V1.17.0, STM32Cube_FW_G0_V1.6.2, STM32Cube_FW_G4_V1.5.2, STM32Cube_FW_H5_V0.5.1, STM32Cube_FW_H5_V1.1.1, STM32Cube_FW_H5_V1.2.0, STM32Cube_FW_H5_V1.2.0RC4, STM32Cube_FW_H7RS_V1.0.0, STM32Cube_FW_H7RS_V1.0.0RC4, STM32Cube_FW_H7_V1.11.0, STM32Cube_FW_L0_V1.12.2, STM32Cube_FW_L5_V1.5.1, STM32Cube_FW_U0_V1.0.0, STM32Cube_FW_U0_V1.0.0RC1, STM32Cube_FW_U5_V1.3.0RC4, STM32Cube_FW_U5_V1.5.0, STM32Cube_FW_U5_V1.5.0RC1, STM32Cube_FW_WBA_V1.0.0RC1, STM32Cube_FW_WBA_V1.2.0, STM32Cube_FW_WBA_V1.2.0RC2, STM32Cube_FW_WBA_V1.3.0, STM32Cube_FW_WBA_V1.3.0RC1, STM32Cube_FW_WB_V1.15.0RC1, STM32Cube_FW_WB_V1.16.0, STM32Cube_FW_WB_V1.16.0RC2, STM32Cube_FW_WB_V1.18.0, STM32Cube_FW_WB_V1.19.0, STM32Cube_FW_WL_V1.3.0, X-CUBE-ALGOBUILD_V1.3.0, X-CUBE-ALS_V1.0.1, X-CUBE-AZRTOS-F4_V1.1.0, X-CUBE-AZRTOS-F7_V1.1.0, X-CUBE-AZRTOS-G0_V1.1.0, X-CUBE-AZRTOS-G4_V2.0.0, X-CUBE-AZRTOS-H7_V3.2.0, X-CUBE-AZRTOS-L4_V1.0.0, X-CUBE-AZRTOS-L4_V2.0.0, X-CUBE-AZRTOS-L5_V1.1.0, X-CUBE-AZRTOS-WB_V2.0.0, X-CUBE-AZRTOS-WL_V2.0.0, X-CUBE-BLE1_V7.0.0, X-CUBE-BLE2_V3.3.0, X-CUBE-BLEMGR_V3.1.0, X-CUBE-EEPRMA1_V4.1.0, X-CUBE-EEPRMA1_V5.1.0, X-CUBE-FREERTOS_V1.1.0, X-CUBE-GNSS1_V6.0.0, X-CUBE-MEMS1_V10.0.0, X-CUBE-MEMS1_V9.1.0, X-CUBE-MEMS1_V9.4.0, X-CUBE-MEMS1_V9.6.0, X-CUBE-NFC4_V3.0.0, X-CUBE-NFC7_V1.0.1, X-CUBE-SFXS2LP1_V4.0.0, X-CUBE-SUBG2_V5.0.0, X-CUBE-TOF1_V3.4.0]
2024-04-11 18:06:24,528 [INFO] ApiDb:240 - Found 371 in-development CPN: [B-G473E-ZEST1S, B-WB1M-WPAN1, B-WL5M-SUBG1, NUCLEO-C031C6, NUCLEO-H503RB, NUCLEO-H563ZI, NUCLEO-U545RE-Q, NUCLEO-U5A5ZJ-Q, NUCLEO-WBA52CG, NUCLEO-WBA55CG, STEVAL-MKBOXPRO, STEVAL-PROTEUS1, STEVAL-STWINBX1, STM320518-EVAL, STM32C0116-DK, STM32C011D6Y3TR, STM32C011D6Y6TR, STM32C011F4P3, STM32C011F4P6, STM32C011F4U3, STM32C011F4U6TR, STM32C011F6P3, STM32C011F6P6, STM32C011F6U3, STM32C011F6U6TR, STM32C011J4M3, STM32C011J4M6, STM32C011J6M3, STM32C011J6M6, STM32C0316-DK, STM32C031C4T3, STM32C031C4T6, STM32C031C4U3, STM32C031C4U6, STM32C031C6T3, STM32C031C6T6, STM32C031C6U3, STM32C031C6U6, STM32C031F4P3, STM32C031F4P6, STM32C031F6P3, STM32C031F6P6, STM32C031G4U3, STM32C031G4U6, STM32C031G6U3, STM32C031G6U6, STM32C031K4T3, STM32C031K4T6, STM32C031K4U3, STM32C031K4U6, STM32C031K6T3, STM32C031K6T6, STM32C031K6U3, STM32C031K6U6, STM32G071K8TXN, STM32G071K8UXN, STM32G081GBU6N, STM32G081KBT6N, STM32G081KBUXN, STM32G0B1CCT6N, STM32G0B1KCT6, STM32G0B1NEY6TR, STM32G0B1RCT6N, STM32G0C1CCT6, STM32G0C1CCT6N, STM32G0C1CCU6N, STM32G0C1CET6N, STM32G0C1CEU6N, STM32G0C1KCT6, STM32G0C1NEY6TR, STM32G0C1RCI6N, STM32G0C1RCT6N, STM32G0C1REI6N, STM32G0C1RET6N, STM32G0C1VCI6, STM32G0C1VEI6, STM32G471CCT6, STM32G471CCU6, STM32G471CET3, STM32G471CET6, STM32G471CEU3, STM32G471CEU6, STM32G471MCT6, STM32G471MET3, STM32G471MET6, STM32G471MEY6TR, STM32G471QCT6, STM32G471QET3, STM32G471RCT6, STM32G471RET3, STM32G471RET6, STM32G471VCH6, STM32G471VCI6, STM32G471VCT6, STM32G471VEH3, STM32G471VEH6, STM32G471VEI3, STM32G471VEI6, STM32G471VET3, STM32G471VET6, STM32G474CCT6, STM32H503CBT6, STM32H503CBU6, STM32H503EBY6TR, STM32H503KBU6, STM32H503RBT6, STM32H562AGI6, STM32H562AII6, STM32H562IGK6, STM32H562IGT6, STM32H562IIK6, STM32H562IIT6, STM32H562RGT6, STM32H562RGV6, STM32H562RIT6, STM32H562RIV6, STM32H562VGT6, STM32H562VIT6, STM32H562ZGT6, STM32H562ZIT6, STM32H563AGI6, STM32H563AII3Q, STM32H563AII6, STM32H563IGK6, STM32H563IGT6, STM32H563IIK3Q, STM32H563IIK6, STM32H563IIT3Q, STM32H563IIT6, STM32H563MIY3QTR, STM32H563RGT6, STM32H563RGV6, STM32H563RIT6, STM32H563RIV6, STM32H563VGT6, STM32H563VIT3Q, STM32H563VIT6, STM32H563ZGT6, STM32H563ZIT3Q, STM32H563ZIT6, STM32H573AII3Q, STM32H573AII6, STM32H573I-DK, STM32H573IIK3Q, STM32H573IIK6, STM32H573IIT3Q, STM32H573IIT6, STM32H573MIY3QTR, STM32H573RIT6, STM32H573RIV6, STM32H573VIT3Q, STM32H573VIT6, STM32H573ZIT3Q, STM32H573ZIT6, STM32L4R5QGI6STR, STM32MP131AAE3, STM32MP131AAF3, STM32MP131AAG3, STM32MP131CAE3, STM32MP131CAF3, STM32MP131CAG3, STM32MP131DAE7, STM32MP131DAF7, STM32MP131DAG7, STM32MP131FAE7, STM32MP131FAF7, STM32MP131FAG7, STM32MP133AAE3, STM32MP133AAF3, STM32MP133AAG3, STM32MP133CAE3, STM32MP133CAF3, STM32MP133CAG3, STM32MP133DAE7, STM32MP133DAF7, STM32MP133DAG7, STM32MP133FAE7, STM32MP133FAF7, STM32MP133FAG7, STM32MP135AAE3, STM32MP135AAF3, STM32MP135AAG3, STM32MP135CAE3, STM32MP135CAF3, STM32MP135CAG3, STM32MP135DAE7, STM32MP135DAF7, STM32MP135DAG7, STM32MP135F-DK, STM32MP135FAE7, STM32MP135FAF7, STM32MP135FAF7T, STM32MP135FAF7U, STM32MP135FAG7, STM32U535CBT6, STM32U535CBT6Q, STM32U535CBU6, STM32U535CBU6Q, STM32U535CCT6, STM32U535CCT6Q, STM32U535CCU6, STM32U535CCU6Q, STM32U535CET6, STM32U535CET6Q, STM32U535CEU6, STM32U535CEU6Q, STM32U535JEY6QTR, STM32U535NCY6QTR, STM32U535NEY6QTR, STM32U535RBI6, STM32U535RBI6Q, STM32U535RBT6, STM32U535RBT6Q, STM32U535RCI6, STM32U535RCI6Q, STM32U535RCT6, STM32U535RCT6Q, STM32U535REI6, STM32U535REI6Q, STM32U535RET6, STM32U535RET6Q, STM32U535VCI6, STM32U535VCI6Q, STM32U535VCT6, STM32U535VCT6Q, STM32U535VEI6, STM32U535VEI6Q, STM32U535VET6, STM32U535VET6Q, STM32U545CET6, STM32U545CET6Q, STM32U545CEU6, STM32U545CEU6Q, STM32U545JEY6QTR, STM32U545NEY6QTR, STM32U545REI6, STM32U545REI6Q, STM32U545RET6, STM32U545RET6Q, STM32U545VEI6, STM32U545VEI6Q, STM32U545VET6, STM32U545VET6Q, STM32U595AIH6, STM32U595AIH6Q, STM32U595AJH6, STM32U595AJH6Q, STM32U595QII6, STM32U595QII6Q, STM32U595QJI6, STM32U595QJI6Q, STM32U595RIT6, STM32U595RIT6Q, STM32U595RJT6, STM32U595RJT6Q, STM32U595VIT6, STM32U595VIT6Q, STM32U595VJT6, STM32U595VJT6Q, STM32U595ZIT6, STM32U595ZIT6Q, STM32U595ZIY6QTR, STM32U595ZJT6, STM32U595ZJT6Q, STM32U595ZJY6QTR, STM32U599BJY6QTR, STM32U599NIH6Q, STM32U599NJH6Q, STM32U599VIT6Q, STM32U599VJT6, STM32U599VJT6Q, STM32U599ZIT6Q, STM32U599ZIY6QTR, STM32U599ZJT6Q, STM32U599ZJY6QTR, STM32U5A5AJH6, STM32U5A5AJH6Q, STM32U5A5QJI6, STM32U5A5QJI6Q, STM32U5A5RJT6, STM32U5A5RJT6Q, STM32U5A5VJT6, STM32U5A5VJT6Q, STM32U5A5ZJT6, STM32U5A5ZJT6Q, STM32U5A5ZJY6QTR, STM32U5A9BJY6QTR, STM32U5A9J-DK, STM32U5A9NJH6Q, STM32U5A9VJT6Q, STM32U5A9ZJT6Q, STM32U5A9ZJY6QTR, STM32U5F7VIT6, STM32U5F7VIT6Q, STM32U5F7VJT6, STM32U5F7VJT6Q, STM32U5F9BJY6QTR, STM32U5F9NJH6Q, STM32U5F9VIT6Q, STM32U5F9VJT6Q, STM32U5F9ZIJ6QTR, STM32U5F9ZIT6Q, STM32U5F9ZJJ6QTR, STM32U5F9ZJT6Q, STM32U5G7VJT6, STM32U5G7VJT6Q, STM32U5G9BJY6QTR, STM32U5G9J-DK1, STM32U5G9J-DK2, STM32U5G9NJH6Q, STM32U5G9VJT6Q, STM32U5G9ZJJ6QTR, STM32U5G9ZJT6Q, STM32WB1MMCH6, STM32WBA50KEU6, STM32WBA50KEU6TR, STM32WBA50KGU6, STM32WBA50KGU6TR, STM32WBA52CEU6, STM32WBA52CEU6TR, STM32WBA52CEU7, STM32WBA52CEU7TR, STM32WBA52CGU6, STM32WBA52CGU6TR, STM32WBA52CGU6U, STM32WBA52CGU7, STM32WBA52CGU7TR, STM32WBA52KEU6, STM32WBA52KEU6TR, STM32WBA52KGU6, STM32WBA52KGU6TR, STM32WBA54CEU6, STM32WBA54CEU6TR, STM32WBA54CEU7, STM32WBA54CEU7TR, STM32WBA54CGU6, STM32WBA54CGU6TR, STM32WBA54CGU7, STM32WBA54CGU7TR, STM32WBA54KEU6, STM32WBA54KEU6TR, STM32WBA54KEU7, STM32WBA54KEU7TR, STM32WBA54KGU6, STM32WBA54KGU6TR, STM32WBA54KGU7, STM32WBA54KGU7TR, STM32WBA55CEU6, STM32WBA55CEU6TR, STM32WBA55CEU7, STM32WBA55CEU7TR, STM32WBA55CGU6, STM32WBA55CGU6TR, STM32WBA55CGU6U, STM32WBA55CGU7, STM32WBA55CGU7TR, STM32WBA55G-DK1, STM32WBA55HEF6, STM32WBA55HEF7, STM32WBA55HGF6, STM32WBA55HGF7, STM32WBA55UEI6, STM32WBA55UEI6TR, STM32WBA55UEI7, STM32WBA55UEI7TR, STM32WBA55UGI6, STM32WBA55UGI6TR, STM32WBA55UGI7, STM32WBA55UGI7TR, STM32WL5MOCH6, STM32WL5MOCH6TR]
2024-04-11 18:06:24,543 [INFO] DbMcus:218 - Found 4069 MCUs, 4069 are supported
2024-04-11 18:06:24,546 [INFO] ApiDb:423 - Load user favorites file /Users/robert/.stm32cubeide/favorites.mcus.txt: 0 item(s)
2024-04-11 18:06:24,546 [INFO] ApiDb:427 - User favorites MCUs=[]
2024-04-11 18:06:24,546 [INFO] DbMcus:224 - Set 0 / 0 favorites MCUs
2024-04-11 18:06:24,839 [INFO] BoardInfo:889 - No configuration file found for board NUCLEO-H7S3L8
2024-04-11 18:06:24,840 [INFO] DbBoards:161 - Board is not supported: NUCLEO-H7S3L8
2024-04-11 18:06:24,866 [INFO] BoardInfo:889 - No configuration file found for board NUCLEO-U031R8
2024-04-11 18:06:24,866 [INFO] DbBoards:161 - Board is not supported: NUCLEO-U031R8
2024-04-11 18:06:24,867 [INFO] BoardInfo:889 - No configuration file found for board NUCLEO-U083RC
2024-04-11 18:06:24,867 [INFO] DbBoards:161 - Board is not supported: NUCLEO-U083RC
2024-04-11 18:06:24,882 [INFO] BoardInfo:889 - No configuration file found for board P-NUCLEO-WB55
2024-04-11 18:06:24,882 [INFO] DbBoards:161 - Kit is not supported: P-NUCLEO-WB55
2024-04-11 18:06:24,885 [INFO] BoardInfo:889 - No configuration file found for board STEVAL-BFA001V1B
2024-04-11 18:06:24,886 [INFO] DbBoards:161 - Kit is not supported: STEVAL-BFA001V1B
2024-04-11 18:06:24,887 [INFO] BoardInfo:889 - No configuration file found for board STEVAL-BFA001V2B
2024-04-11 18:06:24,887 [INFO] DbBoards:161 - Kit is not supported: STEVAL-BFA001V2B
2024-04-11 18:06:24,981 [INFO] BoardInfo:889 - No configuration file found for board STM32H7S78-DK
2024-04-11 18:06:24,982 [INFO] DbBoards:161 - Board is not supported: STM32H7S78-DK
2024-04-11 18:06:25,003 [INFO] BoardInfo:889 - No configuration file found for board STM32U083C-DK
2024-04-11 18:06:25,003 [INFO] DbBoards:161 - Board is not supported: STM32U083C-DK
2024-04-11 18:06:25,013 [INFO] DbBoards:168 - Found 198 boards, 190 are supported
2024-04-11 18:06:25,013 [INFO] DbBoards:169 - Found 198 boards, 3 of them is supported for  Bsp
2024-04-11 18:06:25,017 [INFO] ApiDb:423 - Load user favorites file /Users/robert/.stm32cubeide/favorites.boards.txt: 0 item(s)
2024-04-11 18:06:25,018 [INFO] ApiDb:427 - User favorites Boards=[]
2024-04-11 18:06:25,018 [INFO] DbBoards:198 - Set 0 / 0 favorites Boards
2024-04-11 18:06:25,019 [INFO] McuFinderGlobals:76 - Set McuFinderConnectedMode to true
2024-04-11 18:06:25,057 [INFO] MultiScanPanel:200 - Auto-refresh data requested => check proxy status ongoing
2024-04-11 18:06:25,060 [INFO] FinderPluginLoader:95 - Searching for filters in installed packs
2024-04-11 18:06:26,875 [INFO] LoadUrlFilesThread:185 - End of LoadServerUrlFiles without Thread
2024-04-11 18:06:26,899 [INFO] DetailPanel:341 - Set advertising image to /Users/robert/STM32Cube/Repository//en.prom-stm32wl3-mcu-finder.jpg
2024-04-11 18:07:32,410 [INFO] ServerAccessManage:473 - Download File 
2024-04-11 18:07:32,461 [INFO] LoadUrlFilesThread:185 - End of LoadServerUrlFiles without Thread
2024-04-11 18:07:32,500 [INFO] McuAction:173 - Block Diagram
2024-04-11 18:09:01,150 [INFO] LoadUrlFilesThread:185 - End of LoadServerUrlFiles without Thread
2024-04-11 18:09:01,156 [INFO] McuAction:173 - Block Diagram
2024-04-11 18:09:15,453 [INFO] LoadUrlFilesThread:185 - End of LoadServerUrlFiles without Thread
2024-04-11 18:09:15,460 [INFO] McuAction:173 - Block Diagram
2024-04-11 18:09:58,872 [INFO] MainUpdater:2873 - connection check result : 10
2024-04-11 18:09:58,874 [INFO] MainUpdater:2873 - connection check result : 10
2024-04-11 18:09:59,197 [INFO] MicroXplorer:468 - Change Database Path : 
2024-04-11 18:09:59,197 [INFO] MicroXplorer:498 - Change Database Version : DB.6.0.100
2024-04-11 18:09:59,200 [WARN] ThirdParty:871 - waiting for thirdparty lock release [close project]
2024-04-11 18:09:59,201 [INFO] ThirdParty:873 - entering critical section [close project]
2024-04-11 18:09:59,206 [INFO] ThirdParty:883 - exiting critical section [close project]
2024-04-11 18:09:59,210 [INFO] PinOutPanel:1499 - setPackage(No Configuration,No Configuration)
2024-04-11 18:09:59,220 [INFO] UtilMem:75 - Begin LoadConfig() Used Memory: 687236648 Bytes (1063256064)
2024-04-11 18:09:59,222 [INFO] MicroXplorer:468 - Change Database Path : 
2024-04-11 18:09:59,222 [INFO] MicroXplorer:498 - Change Database Version : DB.6.0.100
2024-04-11 18:09:59,222 [INFO] OpenFileManager:312 - Change cursor
2024-04-11 18:09:59,351 [INFO] Mcu:2016 - Initializing MCU STM32F107VCTx STM32F107VCTx STM32F107VCT6
2024-04-11 18:10:00,460 [INFO] Context:659 - Trying to add GPIOservice into a context  which must be forbidden
2024-04-11 18:10:01,008 [INFO] ImportTextPane:194 - (OptionalMessage_ERROR) Unable to find key (Mcu.ThirdPartyNb) in loaded IOC file
2024-04-11 18:10:01,010 [INFO] ImportTextPane:194 - (OptionalMessage_ERROR) Unable to find key (Mcu.PinsNb) in loaded IOC file
2024-04-11 18:10:01,010 [INFO] ImportTextPane:194 - (OptionalMessage_ERROR) Unable to find key (Mcu.IPNb) in loaded IOC file
2024-04-11 18:10:01,121 [INFO] RtosManager:555 - Registered RTOS mode: class=CMSIS, group=RTOS, mode=CMSIS_V1, owner=FREERTOS
2024-04-11 18:10:01,121 [INFO] RtosManager:555 - Registered RTOS mode: class=CMSIS, group=RTOS2, mode=CMSIS_V2, owner=FREERTOS
2024-04-11 18:10:01,121 [INFO] RtosManager:555 - Registered RTOS mode: class=RTOS, group=Core, mode=CMSIS_V1, owner=FREERTOS
2024-04-11 18:10:01,121 [INFO] RtosManager:555 - Registered RTOS mode: class=RTOS, group=Core, mode=CMSIS_V2, owner=FREERTOS
2024-04-11 18:10:01,121 [WARN] ModelIntegratedComponent:184 - Missing modes for component STMicroelectronics:FreeRTOS:0.0.1:STMicroelectronics:RTOS:FreeRTOS:Core:::10.2.0:
2024-04-11 18:10:01,146 [WARN] ModelIntegratedComponent:63 - No mode defined for component null
2024-04-11 18:10:01,146 [WARN] ModelIntegratedComponent:63 - No mode defined for component null
2024-04-11 18:10:01,146 [WARN] ModelIntegratedComponent:63 - No mode defined for component null
2024-04-11 18:10:01,146 [WARN] ModelIntegratedComponent:63 - No mode defined for component null
2024-04-11 18:10:01,146 [WARN] ModelIntegratedComponent:63 - No mode defined for component null
2024-04-11 18:10:01,146 [WARN] ModelIntegratedComponent:63 - No mode defined for component null
2024-04-11 18:10:01,146 [WARN] ModelIntegratedComponent:63 - No mode defined for component null
2024-04-11 18:10:01,146 [WARN] ModelIntegratedComponent:63 - No mode defined for component null
2024-04-11 18:10:01,146 [WARN] ModelIntegratedComponent:63 - No mode defined for component null
2024-04-11 18:10:01,146 [WARN] ModelIntegratedComponent:63 - No mode defined for component null
2024-04-11 18:10:01,146 [WARN] ModelIntegratedComponent:63 - No mode defined for component null
2024-04-11 18:10:01,146 [WARN] ModelIntegratedComponent:63 - No mode defined for component null
2024-04-11 18:10:01,146 [WARN] ModelIntegratedComponent:63 - No mode defined for component null
2024-04-11 18:10:01,146 [WARN] ModelIntegratedComponent:63 - No mode defined for component null
2024-04-11 18:10:01,147 [WARN] ModelIntegratedComponent:63 - No mode defined for component null
2024-04-11 18:10:01,147 [WARN] ModelIntegratedComponent:63 - No mode defined for component null
2024-04-11 18:10:01,147 [WARN] ModelIntegratedComponent:63 - No mode defined for component null
2024-04-11 18:10:01,147 [WARN] ModelIntegratedComponent:63 - No mode defined for component null
2024-04-11 18:10:01,147 [WARN] ModelIntegratedComponent:63 - No mode defined for component null
2024-04-11 18:10:01,147 [WARN] ModelIntegratedComponent:63 - No mode defined for component null
2024-04-11 18:10:01,147 [WARN] ModelIntegratedComponent:63 - No mode defined for component null
2024-04-11 18:10:01,147 [WARN] ModelIntegratedComponent:63 - No mode defined for component null
2024-04-11 18:10:01,147 [WARN] ModelIntegratedComponent:63 - No mode defined for component null
2024-04-11 18:10:01,147 [WARN] ModelIntegratedComponent:63 - No mode defined for component null
2024-04-11 18:10:01,147 [WARN] ModelIntegratedComponent:63 - No mode defined for component null
2024-04-11 18:10:01,147 [WARN] ModelIntegratedComponent:63 - No mode defined for component null
2024-04-11 18:10:01,147 [WARN] ModelIntegratedComponent:63 - No mode defined for component null
2024-04-11 18:10:01,147 [WARN] ModelIntegratedComponent:63 - No mode defined for component null
2024-04-11 18:10:01,147 [WARN] ModelIntegratedComponent:63 - No mode defined for component null
2024-04-11 18:10:01,147 [WARN] ModelIntegratedComponent:63 - No mode defined for component null
2024-04-11 18:10:01,147 [WARN] ModelIntegratedComponent:63 - No mode defined for component null
2024-04-11 18:10:01,147 [WARN] ModelIntegratedComponent:63 - No mode defined for component null
2024-04-11 18:10:01,147 [WARN] ModelIntegratedComponent:63 - No mode defined for component null
2024-04-11 18:10:01,285 [INFO] ThirdPartyModel:298 - Start build external matchings
2024-04-11 18:10:01,578 [INFO] ThirdPartyModel:316 - End build external matchings
2024-04-11 18:10:01,971 [INFO] UtilMem:75 - End LoadConfig() Used Memory: 716081440 Bytes (1073741824)
2024-04-11 18:10:02,019 [INFO] MicroXplorer:468 - Change Database Path : 
2024-04-11 18:10:02,024 [INFO] MicroXplorer:498 - Change Database Version : DB.6.0.100
2024-04-11 18:10:02,026 [WARN] ThirdParty:833 - waiting for thirdparty lock release [change project]
2024-04-11 18:10:02,026 [INFO] ThirdParty:835 - entering critical section [change project]
2024-04-11 18:10:02,028 [INFO] ThirdParty:1030 - CMSIS Pack Vendor :STMicroelectronics USBPD 4.1
2024-04-11 18:10:02,028 [INFO] ThirdParty:1030 - CMSIS Pack Vendor :STMicroelectronics X-CUBE-GNSS1 6.0.0
2024-04-11 18:10:02,028 [INFO] ThirdParty:1030 - CMSIS Pack Vendor :STMicroelectronics USB_HOST 2.0.0
2024-04-11 18:10:02,028 [INFO] ThirdParty:1030 - CMSIS Pack Vendor :STMicroelectronics X-CUBE-AZRTOS-F4 1.1.0
2024-04-11 18:10:02,028 [INFO] ThirdParty:1030 - CMSIS Pack Vendor :STMicroelectronics LIBJPEG 8.0.0
2024-04-11 18:10:02,028 [INFO] ThirdParty:1030 - CMSIS Pack Vendor :STMicroelectronics X-CUBE-SMBUS 2.1.0
2024-04-11 18:10:02,028 [INFO] ThirdParty:1030 - CMSIS Pack Vendor :STMicroelectronics USB_DEVICE 3.0.0
2024-04-11 18:10:02,028 [INFO] ThirdParty:1030 - CMSIS Pack Vendor :STMicroelectronics X-CUBE-TCPP 4.1.0
2024-04-11 18:10:02,028 [INFO] ThirdParty:1030 - CMSIS Pack Vendor :STMicroelectronics X-CUBE-AZRTOS-WB 2.0.0
2024-04-11 18:10:02,028 [INFO] ThirdParty:1030 - CMSIS Pack Vendor :wolfSSL I-CUBE-wolfSSL 5.6.6
2024-04-11 18:10:02,028 [INFO] ThirdParty:1030 - CMSIS Pack Vendor :STMicroelectronics X-CUBE-TOUCHGFX 4.23.1
2024-04-11 18:10:02,029 [INFO] ThirdParty:1030 - CMSIS Pack Vendor :STMicroelectronics X-CUBE-TOUCHGFX 4.23.0
2024-04-11 18:10:02,029 [INFO] ThirdParty:1030 - CMSIS Pack Vendor :STMicroelectronics X-CUBE-TOUCHGFX 4.23.2
2024-04-11 18:10:02,029 [INFO] ThirdParty:1030 - CMSIS Pack Vendor :STMicroelectronics X-CUBE-AZRTOS-F7 1.1.0
2024-04-11 18:10:02,029 [INFO] ThirdParty:1030 - CMSIS Pack Vendor :STMicroelectronics X-CUBE-AZRTOS-L5 2.0.0
2024-04-11 18:10:02,029 [INFO] ThirdParty:1030 - CMSIS Pack Vendor :STMicroelectronics USB_DEVICE 2.0.0
2024-04-11 18:10:02,029 [INFO] ThirdParty:1030 - CMSIS Pack Vendor :STMicroelectronics X-CUBE-NFC6 3.1.0
2024-04-11 18:10:02,029 [INFO] ThirdParty:1030 - CMSIS Pack Vendor :ITTIA_DB I-CUBE-ITTIADB 8.8.0
2024-04-11 18:10:02,032 [INFO] ThirdParty:1030 - CMSIS Pack Vendor :STMicroelectronics FP-SNS-MOTENV1 4.3.2
2024-04-11 18:10:02,034 [INFO] ThirdParty:1030 - CMSIS Pack Vendor :STMicroelectronics X-CUBE-ALGOBUILD 1.3.0
2024-04-11 18:10:02,038 [INFO] ThirdParty:1030 - CMSIS Pack Vendor :STMicroelectronics FreeRTOS 0.0.1
2024-04-11 18:10:02,039 [INFO] ThirdParty:1030 - CMSIS Pack Vendor :STMicroelectronics X-CUBE-AZRTOS-G0 1.1.0
2024-04-11 18:10:02,039 [INFO] ThirdParty:1030 - CMSIS Pack Vendor :STMicroelectronics X-CUBE-SAFEA1 1.2.2
2024-04-11 18:10:02,039 [INFO] ThirdParty:1030 - CMSIS Pack Vendor :STMicroelectronics X-CUBE-NFC4 3.0.0
2024-04-11 18:10:02,039 [INFO] ThirdParty:1030 - CMSIS Pack Vendor :STMicroelectronics X-CUBE-SUBG2 5.0.0
2024-04-11 18:10:02,039 [INFO] ThirdParty:1030 - CMSIS Pack Vendor :STMicroelectronics STM32_WPAN 1.0.0
2024-04-11 18:10:02,039 [INFO] ThirdParty:1030 - CMSIS Pack Vendor :STMicroelectronics lwIP 2.0.3
2024-04-11 18:10:02,039 [INFO] ThirdParty:1030 - CMSIS Pack Vendor :STMicroelectronics FP-SNS-FLIGHT1 5.0.2
2024-04-11 18:10:02,039 [INFO] ThirdParty:1030 - CMSIS Pack Vendor :STMicroelectronics USB_HOST 1.0.0
2024-04-11 18:10:02,039 [INFO] ThirdParty:1030 - CMSIS Pack Vendor :STMicroelectronics X-CUBE-AZRTOS-G4 2.0.0
2024-04-11 18:10:02,039 [INFO] ThirdParty:1030 - CMSIS Pack Vendor :STMicroelectronics PDM2PCM 3.1.0
2024-04-11 18:10:02,039 [INFO] ThirdParty:1030 - CMSIS Pack Vendor :Infineon AIROC-Wi-Fi-Bluetooth-STM32 1.5.1
2024-04-11 18:10:02,039 [INFO] ThirdParty:1030 - CMSIS Pack Vendor :STMicroelectronics X-CUBE-BLEMGR 3.0.0
2024-04-11 18:10:02,039 [INFO] ThirdParty:1030 - CMSIS Pack Vendor :STMicroelectronics PDM2PCM 3.3.0
2024-04-11 18:10:02,039 [INFO] ThirdParty:1030 - CMSIS Pack Vendor :STMicroelectronics X-CUBE-DISPLAY 3.0.0
2024-04-11 18:10:02,039 [INFO] ThirdParty:1030 - CMSIS Pack Vendor :STMicroelectronics FP-SNS-MOTENVWB1 1.3.1
2024-04-11 18:10:02,039 [INFO] ThirdParty:1030 - CMSIS Pack Vendor :STMicroelectronics X-CUBE-BLE1 7.0.0
2024-04-11 18:10:02,039 [INFO] ThirdParty:1030 - CMSIS Pack Vendor :STMicroelectronics FP-ATR-SIGFOX1 3.2.0
2024-04-11 18:10:02,039 [INFO] ThirdParty:1030 - CMSIS Pack Vendor :STMicroelectronics X-CUBE-ISPU 2.0.0
2024-04-11 18:10:02,039 [INFO] ThirdParty:1030 - CMSIS Pack Vendor :STMicroelectronics X-CUBE-EEPRMA1 5.1.0
2024-04-11 18:10:02,040 [INFO] ThirdParty:1030 - CMSIS Pack Vendor :STMicroelectronics HAL Drivers 0.0.0
2024-04-11 18:10:02,040 [INFO] ThirdParty:1030 - CMSIS Pack Vendor :STMicroelectronics MBEDTLS 2.16.2
2024-04-11 18:10:02,040 [INFO] ThirdParty:1030 - CMSIS Pack Vendor :emotas I-CUBE-CANOPEN 1.3.0
2024-04-11 18:10:02,040 [INFO] ThirdParty:1030 - CMSIS Pack Vendor :STMicroelectronics X-CUBE-MEMS1 10.0.0
2024-04-11 18:10:02,040 [INFO] ThirdParty:1030 - CMSIS Pack Vendor :STMicroelectronics X-CUBE-FREERTOS 1.1.0
2024-04-11 18:10:02,041 [INFO] ThirdParty:1030 - CMSIS Pack Vendor :STMicroelectronics X-CUBE-NFC7 1.0.1
2024-04-11 18:10:02,041 [INFO] ThirdParty:1030 - CMSIS Pack Vendor :STMicroelectronics MBEDTLS 2.14.1
2024-04-11 18:10:02,041 [INFO] ThirdParty:1030 - CMSIS Pack Vendor :STMicroelectronics X-CUBE-NFC6 3.0.0
2024-04-11 18:10:02,041 [INFO] ThirdParty:1030 - CMSIS Pack Vendor :portGmbH I-Cube-SoM-uGOAL 1.1.0
2024-04-11 18:10:02,043 [INFO] ThirdParty:1030 - CMSIS Pack Vendor :STMicroelectronics X-CUBE-ALS 1.0.1
2024-04-11 18:10:02,043 [INFO] ThirdParty:1030 - CMSIS Pack Vendor :STMicroelectronics X-CUBE-BLEMGR 3.1.0
2024-04-11 18:10:02,044 [INFO] ThirdParty:1030 - CMSIS Pack Vendor :STMicroelectronics ThreadX 1.0.0
2024-04-11 18:10:02,045 [INFO] ThirdParty:1030 - CMSIS Pack Vendor :STMicroelectronics FP-SNS-SMARTAG2 1.2.0
2024-04-11 18:10:02,045 [INFO] ThirdParty:1030 - CMSIS Pack Vendor :STMicroelectronics X-CUBE-AZRTOS-WL 2.0.0
2024-04-11 18:10:02,045 [INFO] ThirdParty:1030 - CMSIS Pack Vendor :SEGGER I-CUBE-embOS 1.3.1
2024-04-11 18:10:02,045 [INFO] ThirdParty:1030 - CMSIS Pack Vendor :STMicroelectronics FP-SNS-MOTENV1 5.0.0
2024-04-11 18:10:02,045 [INFO] ThirdParty:1030 - CMSIS Pack Vendor :STMicroelectronics USB_DEVICE 1.0.0
2024-04-11 18:10:02,045 [INFO] ThirdParty:1030 - CMSIS Pack Vendor :STMicroelectronics X-CUBE-AI 8.1.0
2024-04-11 18:10:02,045 [INFO] ThirdParty:1030 - CMSIS Pack Vendor :STMicroelectronics X-CUBE-AZRTOS-L4 2.0.0
2024-04-11 18:10:02,045 [INFO] ThirdParty:1030 - CMSIS Pack Vendor :STMicroelectronics ThreadX 0.0.2
2024-04-11 18:10:02,045 [INFO] ThirdParty:1030 - CMSIS Pack Vendor :WES I-CUBE-Cesium 1.3.0
2024-04-11 18:10:02,045 [INFO] ThirdParty:1030 - CMSIS Pack Vendor :STMicroelectronics FP-ATR-ASTRA1 2.0.0
2024-04-11 18:10:02,045 [INFO] ThirdParty:1030 - CMSIS Pack Vendor :STMicroelectronics lwIP 2.1.2
2024-04-11 18:10:02,045 [INFO] ThirdParty:1030 - CMSIS Pack Vendor :STMicroelectronics X-CUBE-SFXS2LP1 4.0.0
2024-04-11 18:10:02,045 [INFO] ThirdParty:1030 - CMSIS Pack Vendor :STMicroelectronics X-CUBE-BLE2 3.3.0
2024-04-11 18:10:02,045 [INFO] ThirdParty:1030 - CMSIS Pack Vendor :STMicroelectronics X-CUBE-TOF1 3.4.0
2024-04-11 18:10:02,045 [INFO] ThirdParty:1030 - CMSIS Pack Vendor :STMicroelectronics X-CUBE-TOF1 3.4.1
2024-04-11 18:10:02,045 [INFO] ThirdParty:1030 - CMSIS Pack Vendor :STMicroelectronics X-CUBE-AZRTOS-H7 3.2.0
2024-04-11 18:10:02,045 [INFO] ThirdParty:1030 - CMSIS Pack Vendor :STMicroelectronics PDM2PCM 3.2.0
2024-04-11 18:10:02,051 [INFO] ThirdParty:841 - exiting critical section [change project]
2024-04-11 18:10:02,466 [INFO] PinOutPanel:1499 - setPackage(No Configuration,No Configuration)
2024-04-11 18:10:02,468 [INFO] PinOutPanel:1499 - setPackage(STM32F107VCTx,LQFP100)
2024-04-11 18:10:02,976 [INFO] UtilMem:75 - Before build in PCC Used Memory: 910494784 Bytes (1073741824)
2024-04-11 18:10:04,001 [INFO] UtilMem:75 - After build in PCC Used Memory: 755053632 Bytes (1073741824)
2024-04-11 18:10:04,062 [INFO] IPUIPlugin:80 - create IPUIPlugin
2024-04-11 18:10:04,063 [INFO] IPUIPlugin:80 - create IPUIPlugin
2024-04-11 18:10:04,064 [INFO] IPUIPlugin:80 - create IPUIPlugin
2024-04-11 18:10:04,068 [INFO] IPUIPlugin:80 - create IPUIPlugin
2024-04-11 18:10:04,069 [INFO] IPUIPlugin:80 - create IPUIPlugin
2024-04-11 18:10:04,070 [INFO] IPUIPlugin:80 - create IPUIPlugin
2024-04-11 18:10:04,070 [INFO] IPUIPlugin:80 - create IPUIPlugin
2024-04-11 18:10:04,071 [INFO] IPUIPlugin:80 - create IPUIPlugin
2024-04-11 18:10:04,071 [INFO] IPUIPlugin:80 - create IPUIPlugin
2024-04-11 18:10:04,071 [INFO] IPUIPlugin:80 - create IPUIPlugin
2024-04-11 18:10:04,072 [INFO] IPUIPlugin:80 - create IPUIPlugin
2024-04-11 18:10:04,072 [INFO] IPUIPlugin:80 - create IPUIPlugin
2024-04-11 18:10:04,072 [INFO] IPUIPlugin:80 - create IPUIPlugin
2024-04-11 18:10:04,073 [INFO] IPUIPlugin:80 - create IPUIPlugin
2024-04-11 18:10:04,073 [INFO] IPUIPlugin:80 - create IPUIPlugin
2024-04-11 18:10:04,078 [INFO] IPUIPlugin:80 - create IPUIPlugin
2024-04-11 18:10:04,079 [INFO] IPUIPlugin:80 - create IPUIPlugin
2024-04-11 18:10:04,079 [INFO] IPUIPlugin:80 - create IPUIPlugin
2024-04-11 18:10:04,079 [INFO] IPUIPlugin:80 - create IPUIPlugin
2024-04-11 18:10:04,079 [INFO] IPUIPlugin:80 - create IPUIPlugin
2024-04-11 18:10:04,079 [INFO] IPUIPlugin:80 - create IPUIPlugin
2024-04-11 18:10:04,079 [INFO] IPUIPlugin:80 - create IPUIPlugin
2024-04-11 18:10:04,079 [INFO] IPUIPlugin:80 - create IPUIPlugin
2024-04-11 18:10:04,079 [INFO] IPUIPlugin:80 - create IPUIPlugin
2024-04-11 18:10:04,079 [INFO] IPUIPlugin:80 - create IPUIPlugin
2024-04-11 18:10:04,079 [INFO] IPUIPlugin:80 - create IPUIPlugin
2024-04-11 18:10:04,079 [INFO] IPUIPlugin:80 - create IPUIPlugin
2024-04-11 18:10:04,079 [INFO] IPUIPlugin:80 - create IPUIPlugin
2024-04-11 18:10:04,080 [INFO] IPUIPlugin:80 - create IPUIPlugin
2024-04-11 18:10:04,080 [INFO] IPUIPlugin:80 - create IPUIPlugin
2024-04-11 18:10:04,080 [INFO] IPUIPlugin:80 - create IPUIPlugin
2024-04-11 18:10:04,080 [INFO] IPUIPlugin:80 - create IPUIPlugin
2024-04-11 18:10:04,080 [INFO] IPUIPlugin:80 - create IPUIPlugin
2024-04-11 18:10:04,080 [INFO] IPUIPlugin:80 - create IPUIPlugin
2024-04-11 18:10:04,080 [INFO] IPUIPlugin:80 - create IPUIPlugin
2024-04-11 18:10:04,080 [INFO] IPUIPlugin:80 - create IPUIPlugin
2024-04-11 18:10:04,080 [INFO] IPUIPlugin:80 - create IPUIPlugin
2024-04-11 18:10:04,081 [INFO] IPUIPlugin:80 - create IPUIPlugin
2024-04-11 18:10:04,081 [INFO] IPUIPlugin:80 - create IPUIPlugin
2024-04-11 18:10:04,263 [INFO] CADModel:165 - CPN selected for project levelSTM32F107VCT6
2024-04-11 18:10:04,263 [INFO] CADModel:114 - Register for checkConnection events
2024-04-11 18:10:04,311 [INFO] OpenFileManager:343 - Restore cursor
2024-04-11 18:10:05,291 [INFO] UtilMem:75 - End SaveConfig() Used Memory: 891426648 Bytes (1073741824)
2024-04-11 18:10:05,899 [INFO] ServerAccessManage:473 - Download File stm32cube_fw_f1_v180.zip
2024-04-11 18:10:11,787 [ERROR] FileExtend:455 - File entry not found
2024-04-11 18:10:11,800 [INFO] FileExtend:240 - Unzip File : stm32cube_fw_f1_v180.zip
2024-04-11 18:10:11,807 [INFO] FileExtend:255 - Standard Zip Deflate
2024-04-11 18:10:14,935 [INFO] ServerAccessManage:473 - Download File stm32cube_fw_f1_v185.zip
2024-04-11 18:10:16,281 [INFO] FileExtend:240 - Unzip File : stm32cube_fw_f1_v185.zip
2024-04-11 18:10:16,285 [INFO] FileExtend:255 - Standard Zip Deflate
2024-04-11 18:10:17,438 [INFO] LoadServerPackagesThread:196 - End of LoadServerPackages Thread
2024-04-11 18:10:17,659 [INFO] ThirdPartyModel:298 - Start build external matchings
2024-04-11 18:10:17,685 [INFO] UtilMem:75 - End SaveConfig() Used Memory: 972127576 Bytes (1073741824)
2024-04-11 18:10:17,957 [INFO] ThirdPartyModel:316 - End build external matchings
2024-04-11 18:10:17,975 [INFO] CheckServerUpdateThread:120 - End of CheckServer Thread
2024-04-11 18:10:18,599 [INFO] BlockDiagram:2759 - set Specific Code input for plugin: NVIC
2024-04-11 18:10:18,602 [INFO] BlockDiagram:2759 - set Specific Code input for plugin: RCC
2024-04-11 18:10:18,603 [INFO] CodeGenerator:807 - code generatio: config db path: /Applications/STM32CubeIDE.app/Contents/Eclipse/plugins/com.st.stm32cube.common.mx_6.10.0.202311202037//db/
2024-04-11 18:10:18,805 [INFO] CodeEngine:255 - oldGeneratedFile, /Users/robert/FlatMonitor/FlatMonitorFirmware/MXTmpFiles/license.tmp_save
2024-04-11 18:10:19,259 [INFO] CodeEngine:279 - Generated code: /Users/robert/FlatMonitor/FlatMonitorFirmware/MXTmpFiles/license.tmp
2024-04-11 18:10:19,272 [INFO] CodeEngine:255 - oldGeneratedFile, /Users/robert/FlatMonitor/FlatMonitorFirmware/Core/Src/stm32f1xx_it.c_save
2024-04-11 18:10:19,545 [INFO] CodeEngine:279 - Generated code: /Users/robert/FlatMonitor/FlatMonitorFirmware/Core/Src/stm32f1xx_it.c
2024-04-11 18:10:19,552 [INFO] CodeEngine:255 - oldGeneratedFile, /Users/robert/FlatMonitor/FlatMonitorFirmware/Core/Inc/stm32f1xx_it.h_save
2024-04-11 18:10:19,687 [INFO] CodeEngine:279 - Generated code: /Users/robert/FlatMonitor/FlatMonitorFirmware/Core/Inc/stm32f1xx_it.h
2024-04-11 18:10:19,835 [INFO] CodeEngine:255 - oldGeneratedFile, /Users/robert/FlatMonitor/FlatMonitorFirmware/Core/Src/stm32f1xx_hal_msp.c_save
2024-04-11 18:10:20,005 [INFO] CodeEngine:279 - Generated code: /Users/robert/FlatMonitor/FlatMonitorFirmware/Core/Src/stm32f1xx_hal_msp.c
2024-04-11 18:10:20,007 [INFO] CodeEngine:255 - oldGeneratedFile, /Users/robert/FlatMonitor/FlatMonitorFirmware/MXTmpFiles/system.tmp_save
2024-04-11 18:10:20,099 [INFO] CodeEngine:279 - Generated code: /Users/robert/FlatMonitor/FlatMonitorFirmware/MXTmpFiles/system.tmp
2024-04-11 18:10:20,104 [INFO] CodeEngine:311 - oldGeneratedFile, /Users/robert/FlatMonitor/FlatMonitorFirmware/Core/Inc/stm32f1xx_hal_conf.h_save
2024-04-11 18:10:20,195 [INFO] CodeEngine:335 - Generated code: /Users/robert/FlatMonitor/FlatMonitorFirmware/Core/Inc/stm32f1xx_hal_conf.h
2024-04-11 18:10:20,260 [INFO] CodeEngine:255 - oldGeneratedFile, /Users/robert/FlatMonitor/FlatMonitorFirmware/Core/Inc/main.h_save
2024-04-11 18:10:20,362 [INFO] CodeEngine:279 - Generated code: /Users/robert/FlatMonitor/FlatMonitorFirmware/Core/Inc/main.h
2024-04-11 18:10:20,365 [INFO] CodeEngine:255 - oldGeneratedFile, /Users/robert/FlatMonitor/FlatMonitorFirmware/Core/Src/main.c_save
2024-04-11 18:10:20,630 [INFO] CodeEngine:279 - Generated code: /Users/robert/FlatMonitor/FlatMonitorFirmware/Core/Src/main.c
2024-04-11 18:10:21,324 [INFO] ProjectBuilder:3076 - Time for Copy HAL[1] : 51mS.
2024-04-11 18:10:21,335 [INFO] ProjectBuilder:4485 - Project Generator version: 4.2.0-B44
2024-04-11 18:10:21,739 [INFO] ConfigFileManager:1495 - The Die is : DIE418
2024-04-11 18:10:21,773 [INFO] ApiDbMcu:508 - Load IP Config File for FATFS
2024-04-11 18:10:21,870 [INFO] ApiDbMcu:508 - Load IP Config File for FREERTOS
2024-04-11 18:10:22,077 [INFO] ApiDbMcu:508 - Load IP Config File for LWIP
2024-04-11 18:10:22,139 [INFO] ApiDbMcu:508 - Load IP Config File for USB_DEVICE
2024-04-11 18:10:22,180 [INFO] ApiDbMcu:508 - Load IP Config File for USB_HOST
2024-04-11 18:10:23,303 [INFO] LogOutputStream:77 - [STDOUT_REDIRECT] 
2024-04-11 18:10:26,571 [INFO] ProjectBuilder:4747 - Time for Generating toolchain IDE Files: 5227mS.
2024-04-11 18:10:26,576 [INFO] ProjectBuilder:2947 - Time for Copy CMSIS : 1mS.
2024-04-11 18:10:26,579 [INFO] ProjectBuilder:2947 - Time for Copy CMSIS : 0mS.
2024-04-11 18:10:27,832 [INFO] McuFinderGlobals:76 - Set McuFinderConnectedMode to true
2024-04-11 18:10:27,856 [INFO] ApiDb:448 - Save user favorites file /Users/robert/.stm32cubeide/favorites.mcus.txt: 0 item(s)
2024-04-11 18:10:27,856 [INFO] ApiDb:452 - User favorites MCUs=[]
